127.0.0.1 - - [24/Feb/2021 20:48:44] "GET /index.html HTTP/1.1" 200 -
127.0.0.1 - - [24/Feb/2021 20:48:44] "GET /_static/basic.css HTTP/1.1" 200 -
127.0.0.1 - - [24/Feb/2021 20:48:44] "GET /_static/pygments.css HTTP/1.1" 200 -
127.0.0.1 - - [24/Feb/2021 20:48:44] "GET /_static/bootstrap-3.4.1/css/bootstrap.min.css HTTP/1.1" 200 -
127.0.0.1 - - [24/Feb/2021 20:48:44] "GET /_static/presenter_mode.css?v=9FF1320F HTTP/1.1" 200 -
127.0.0.1 - - [24/Feb/2021 20:48:44] "GET /_static/jquery-ui-1.10.3.custom.min.css?v=97E0178A HTTP/1.1" 200 -
127.0.0.1 - - [24/Feb/2021 20:48:44] "GET /_static/bootstrap-sphinx.css HTTP/1.1" 200 -
127.0.0.1 - - [24/Feb/2021 20:48:44] "GET /_static/user-highlights.css?v=A2326E52 HTTP/1.1" 200 -
127.0.0.1 - - [24/Feb/2021 20:48:44] "GET /_static/runestone-custom-sphinx-bootstrap.css?v=5.0.9 HTTP/1.1" 200 -
127.0.0.1 - - [24/Feb/2021 20:48:44] "GET /_static/theme-overrides.css?v=2DAFE138 HTTP/1.1" 200 -
127.0.0.1 - - [24/Feb/2021 20:48:44] "GET /_static/documentation_options.js HTTP/1.1" 200 -
127.0.0.1 - - [24/Feb/2021 20:48:44] "GET /_static/jquery.js HTTP/1.1" 200 -
127.0.0.1 - - [24/Feb/2021 20:48:44] "GET /_static/underscore.js HTTP/1.1" 200 -
127.0.0.1 - - [24/Feb/2021 20:48:44] "GET /_static/doctools.js HTTP/1.1" 200 -
127.0.0.1 - - [24/Feb/2021 20:48:45] "GET /_static/language_data.js HTTP/1.1" 200 -
127.0.0.1 - - [24/Feb/2021 20:48:45] "GET /_static/jquery.highlight.js?v=F1C496C8 HTTP/1.1" 200 -
127.0.0.1 - - [24/Feb/2021 20:48:45] "GET /_static/sql-wasm.js?v=44FE0709 HTTP/1.1" 200 -
127.0.0.1 - - [24/Feb/2021 20:48:45] "GET /_static/animationbase.js?v=A043C3A7 HTTP/1.1" 200 -
127.0.0.1 - - [24/Feb/2021 20:48:45] "GET /_static/pytutor-embed.bundle.js?v=268B5C04 HTTP/1.1" 200 -
127.0.0.1 - - [24/Feb/2021 20:48:45] "GET /_static/html4css1.css?v=4D8F3FB4 HTTP/1.1" 200 -
127.0.0.1 - - [24/Feb/2021 20:48:45] "GET /_static/matrixeq.js?v=D64CFA5A HTTP/1.1" 200 -
127.0.0.1 - - [24/Feb/2021 20:48:45] "GET /_static/webglinteractive.js?v=2B768384 HTTP/1.1" 200 -
127.0.0.1 - - [24/Feb/2021 20:48:45] "GET /_static/FileSaver.min.js?v=8408C997 HTTP/1.1" 200 -
127.0.0.1 - - [24/Feb/2021 20:48:45] "GET /_static/Blob.js?v=AEC2447 HTTP/1.1" 200 -
127.0.0.1 - - [24/Feb/2021 20:48:45] "GET /_static/runestone.js?v=5BEFBF46 HTTP/1.1" 200 -
127.0.0.1 - - [24/Feb/2021 20:48:45] "GET /_static/jquery-ui-1.10.3.custom.min.js?v=2B07FE4F HTTP/1.1" 200 -
127.0.0.1 - - [24/Feb/2021 20:48:45] "GET /_static/bootstrap-3.4.1/js/bootstrap.min.js HTTP/1.1" 200 -
127.0.0.1 - - [24/Feb/2021 20:48:45] "GET /_static/jquery-fix.js?v=1226591B HTTP/1.1" 200 -
127.0.0.1 - - [24/Feb/2021 20:48:45] "GET /_static/bootstrap-sphinx.js HTTP/1.1" 200 -
127.0.0.1 - - [24/Feb/2021 20:48:45] "GET /_static/jquery.idle-timer.js?v=E942DAF1 HTTP/1.1" 200 -
127.0.0.1 - - [24/Feb/2021 20:48:45] "GET /_static/presenter_mode.js?v=2DF16FB4 HTTP/1.1" 200 -
127.0.0.1 - - [24/Feb/2021 20:48:45] "GET /_static/theme.js?v=D899FB97 HTTP/1.1" 200 -
127.0.0.1 - - [24/Feb/2021 20:48:45] "GET /_static/accessibility.css?v=DB047029 HTTP/1.1" 200 -
127.0.0.1 - - [24/Feb/2021 20:48:46] "GET /_static/CodeChat.css HTTP/1.1" 200 -
127.0.0.1 - - [24/Feb/2021 20:48:46] "GET /_static/matrixeq.css?v=58BC228F HTTP/1.1" 200 -
127.0.0.1 - - [24/Feb/2021 20:48:46] "GET /_static/webgldemo.css?v=B36B48D HTTP/1.1" 200 -
127.0.0.1 - - [24/Feb/2021 20:48:46] "GET /_static/html4css1.css HTTP/1.1" 200 -
127.0.0.1 - - [24/Feb/2021 20:48:46] "GET /_static/webglinteractive.css?v=910DF1E1 HTTP/1.1" 200 -
127.0.0.1 - - [24/Feb/2021 20:48:46] "GET /_static/css/custom.css HTTP/1.1" 200 -
127.0.0.1 - - [24/Feb/2021 20:48:46] "GET /_static/bootstrap-sphinx.css HTTP/1.1" 304 -
127.0.0.1 - - [24/Feb/2021 20:48:46] "GET /_static/documentation_options.js HTTP/1.1" 304 -
127.0.0.1 - - [24/Feb/2021 20:48:46] "GET /_images/MobileCSPLogo.png HTTP/1.1" 200 -
127.0.0.1 - - [24/Feb/2021 20:48:46] code 404, message File not found
127.0.0.1 - - [24/Feb/2021 20:48:46] "GET /runestone/ajax/set_tz_offset?timezoneoffset=5 HTTP/1.1" 404 -
127.0.0.1 - - [24/Feb/2021 20:48:46] code 404, message File not found
127.0.0.1 - - [24/Feb/2021 20:48:46] "GET /runestone/ajax/getAssessResults?div_id=question1_2&course=mobilecsp&event=mChoice HTTP/1.1" 404 -
127.0.0.1 - - [24/Feb/2021 20:48:47] "GET /_static/bootstrap-3.4.1/fonts/glyphicons-halflings-regular.woff2 HTTP/1.1" 200 -
127.0.0.1 - - [24/Feb/2021 20:48:47] "GET /_static/img/logo_small.png HTTP/1.1" 200 -
127.0.0.1 - - [24/Feb/2021 20:48:47] code 404, message File not found
127.0.0.1 - - [24/Feb/2021 20:48:47] "GET /runestone/static/favicon.ico HTTP/1.1" 404 -

Aborted!
127.0.0.1 - - [24/Feb/2021 21:20:09] "GET /index.html HTTP/1.1" 200 -
127.0.0.1 - - [24/Feb/2021 21:20:09] "GET /index.html HTTP/1.1" 200 -
----------------------------------------
Exception happened during processing of request from ('127.0.0.1', 51455)
Traceback (most recent call last):
  File "C:\Users\hoffmanb\AppData\Local\Programs\Python\Python37-32\lib\socketserver.py", line 316, in _handle_request_noblock
    self.process_request(request, client_address)
  File "C:\Users\hoffmanb\AppData\Local\Programs\Python\Python37-32\lib\socketserver.py", line 347, in process_request
    self.finish_request(request, client_address)
  File "C:\Users\hoffmanb\AppData\Local\Programs\Python\Python37-32\lib\socketserver.py", line 360, in finish_request
    self.RequestHandlerClass(request, client_address, self)
  File "C:\Users\hoffmanb\AppData\Local\Programs\Python\Python37-32\lib\http\server.py", line 646, in __init__
    super().__init__(*args, **kwargs)
  File "C:\Users\hoffmanb\AppData\Local\Programs\Python\Python37-32\lib\socketserver.py", line 720, in __init__
    self.handle()
  File "C:\Users\hoffmanb\AppData\Local\Programs\Python\Python37-32\lib\http\server.py", line 426, in handle
    self.handle_one_request()
  File "C:\Users\hoffmanb\AppData\Local\Programs\Python\Python37-32\lib\http\server.py", line 414, in handle_one_request
    method()
  File "C:\Users\hoffmanb\AppData\Local\Programs\Python\Python37-32\lib\http\server.py", line 653, in do_GET
    self.copyfile(f, self.wfile)
  File "C:\Users\hoffmanb\AppData\Local\Programs\Python\Python37-32\lib\http\server.py", line 844, in copyfile
    shutil.copyfileobj(source, outputfile)
  File "C:\Users\hoffmanb\AppData\Local\Programs\Python\Python37-32\lib\shutil.py", line 82, in copyfileobj
    fdst.write(buf)
  File "C:\Users\hoffmanb\AppData\Local\Programs\Python\Python37-32\lib\socketserver.py", line 799, in write
    self._sock.sendall(b)
ConnectionAbortedError: [WinError 10053] An established connection was aborted by the software in your host machine
----------------------------------------
127.0.0.1 - - [24/Feb/2021 21:20:09] "GET /_static/basic.css HTTP/1.1" 200 -
127.0.0.1 - - [24/Feb/2021 21:20:10] "GET /_static/pygments.css HTTP/1.1" 200 -
127.0.0.1 - - [24/Feb/2021 21:20:10] "GET /_static/bootstrap-sphinx.css HTTP/1.1" 200 -
127.0.0.1 - - [24/Feb/2021 21:20:10] "GET /_static/documentation_options.js HTTP/1.1" 200 -
127.0.0.1 - - [24/Feb/2021 21:20:10] "GET /_static/language_data.js HTTP/1.1" 200 -
127.0.0.1 - - [24/Feb/2021 21:20:10] code 404, message File not found
127.0.0.1 - - [24/Feb/2021 21:20:10] "GET /runestone/ajax/set_tz_offset?timezoneoffset=5 HTTP/1.1" 404 -
127.0.0.1 - - [24/Feb/2021 21:20:10] "GET /_images/MobileCSPLogo.png HTTP/1.1" 304 -
127.0.0.1 - - [24/Feb/2021 21:20:19] "GET /Unit1-Getting-Started/lesson-1-1-welcome.html HTTP/1.1" 200 -
127.0.0.1 - - [24/Feb/2021 21:20:20] "GET /_static/basic.css HTTP/1.1" 304 -
127.0.0.1 - - [24/Feb/2021 21:20:20] "GET /_static/pygments.css HTTP/1.1" 304 -
127.0.0.1 - - [24/Feb/2021 21:20:20] "GET /_static/bootstrap-sphinx.css HTTP/1.1" 304 -
127.0.0.1 - - [24/Feb/2021 21:20:20] "GET /_static/documentation_options.js HTTP/1.1" 304 -
127.0.0.1 - - [24/Feb/2021 21:20:20] "GET /_static/language_data.js HTTP/1.1" 304 -
127.0.0.1 - - [24/Feb/2021 21:20:20] code 404, message File not found
127.0.0.1 - - [24/Feb/2021 21:20:20] "GET /runestone/ajax/set_tz_offset?timezoneoffset=5 HTTP/1.1" 404 -
127.0.0.1 - - [24/Feb/2021 21:20:20] "GET /_images/MobileCSPLogo1.png HTTP/1.1" 200 -

Aborted!
127.0.0.1 - - [26/Feb/2021 10:13:10] "GET /index.html HTTP/1.1" 200 -
127.0.0.1 - - [26/Feb/2021 10:13:10] "GET /_static/basic.css HTTP/1.1" 200 -
127.0.0.1 - - [26/Feb/2021 10:13:10] "GET /_static/pygments.css HTTP/1.1" 200 -
127.0.0.1 - - [26/Feb/2021 10:13:10] "GET /_static/bootstrap-sphinx.css HTTP/1.1" 200 -
127.0.0.1 - - [26/Feb/2021 10:13:10] "GET /_static/documentation_options.js HTTP/1.1" 200 -
127.0.0.1 - - [26/Feb/2021 10:13:10] "GET /_static/language_data.js HTTP/1.1" 200 -
127.0.0.1 - - [26/Feb/2021 10:13:10] "GET /_images/MobileCSPLogo.png HTTP/1.1" 304 -
127.0.0.1 - - [26/Feb/2021 10:13:11] code 404, message File not found
127.0.0.1 - - [26/Feb/2021 10:13:11] "GET /runestone/ajax/set_tz_offset?timezoneoffset=5 HTTP/1.1" 404 -
127.0.0.1 - - [26/Feb/2021 10:13:15] "GET /Unit1-Getting-Started/lesson-1-1-welcome.html HTTP/1.1" 200 -
127.0.0.1 - - [26/Feb/2021 10:13:16] "GET /_images/MobileCSPLogo1.png HTTP/1.1" 200 -
127.0.0.1 - - [26/Feb/2021 10:14:16] code 404, message File not found
127.0.0.1 - - [26/Feb/2021 10:14:16] "GET /runestone/ajax/set_tz_offset?timezoneoffset=5 HTTP/1.1" 404 -
----------------------------------------
Exception happened during processing of request from ('127.0.0.1', 51745)
Traceback (most recent call last):
  File "C:\Users\hoffmanb\AppData\Local\Programs\Python\Python37-32\lib\http\server.py", line 696, in send_head
    f = open(path, 'rb')
FileNotFoundError: [Errno 2] No such file or directory: 'C:\\Users\\hoffmanb\\Desktop\\Github\\MobileCSP\\build\\mobilecsp\\runestone\\ajax\\set_tz_offset'

During handling of the above exception, another exception occurred:

Traceback (most recent call last):
  File "C:\Users\hoffmanb\AppData\Local\Programs\Python\Python37-32\lib\socketserver.py", line 316, in _handle_request_noblock
    self.process_request(request, client_address)
  File "C:\Users\hoffmanb\AppData\Local\Programs\Python\Python37-32\lib\socketserver.py", line 347, in process_request
    self.finish_request(request, client_address)
  File "C:\Users\hoffmanb\AppData\Local\Programs\Python\Python37-32\lib\socketserver.py", line 360, in finish_request
    self.RequestHandlerClass(request, client_address, self)
  File "C:\Users\hoffmanb\AppData\Local\Programs\Python\Python37-32\lib\http\server.py", line 646, in __init__
    super().__init__(*args, **kwargs)
  File "C:\Users\hoffmanb\AppData\Local\Programs\Python\Python37-32\lib\socketserver.py", line 720, in __init__
    self.handle()
  File "C:\Users\hoffmanb\AppData\Local\Programs\Python\Python37-32\lib\http\server.py", line 426, in handle
    self.handle_one_request()
  File "C:\Users\hoffmanb\AppData\Local\Programs\Python\Python37-32\lib\http\server.py", line 414, in handle_one_request
    method()
  File "C:\Users\hoffmanb\AppData\Local\Programs\Python\Python37-32\lib\http\server.py", line 650, in do_GET
    f = self.send_head()
  File "C:\Users\hoffmanb\AppData\Local\Programs\Python\Python37-32\lib\http\server.py", line 698, in send_head
    self.send_error(HTTPStatus.NOT_FOUND, "File not found")
  File "C:\Users\hoffmanb\AppData\Local\Programs\Python\Python37-32\lib\http\server.py", line 481, in send_error
    self.wfile.write(body)
  File "C:\Users\hoffmanb\AppData\Local\Programs\Python\Python37-32\lib\socketserver.py", line 799, in write
    self._sock.sendall(b)
ConnectionAbortedError: [WinError 10053] An established connection was aborted by the software in your host machine
----------------------------------------
127.0.0.1 - - [26/Feb/2021 10:14:18] "GET /Unit2/toctree.html HTTP/1.1" 200 -
127.0.0.1 - - [26/Feb/2021 10:14:18] code 404, message File not found
127.0.0.1 - - [26/Feb/2021 10:14:18] "GET /runestone/ajax/set_tz_offset?timezoneoffset=5 HTTP/1.1" 404 -
----------------------------------------
Exception happened during processing of request from ('127.0.0.1', 51769)
Traceback (most recent call last):
  File "C:\Users\hoffmanb\AppData\Local\Programs\Python\Python37-32\lib\http\server.py", line 696, in send_head
    f = open(path, 'rb')
FileNotFoundError: [Errno 2] No such file or directory: 'C:\\Users\\hoffmanb\\Desktop\\Github\\MobileCSP\\build\\mobilecsp\\runestone\\ajax\\set_tz_offset'

During handling of the above exception, another exception occurred:

Traceback (most recent call last):
  File "C:\Users\hoffmanb\AppData\Local\Programs\Python\Python37-32\lib\socketserver.py", line 316, in _handle_request_noblock
    self.process_request(request, client_address)
  File "C:\Users\hoffmanb\AppData\Local\Programs\Python\Python37-32\lib\socketserver.py", line 347, in process_request
    self.finish_request(request, client_address)
  File "C:\Users\hoffmanb\AppData\Local\Programs\Python\Python37-32\lib\socketserver.py", line 360, in finish_request
    self.RequestHandlerClass(request, client_address, self)
  File "C:\Users\hoffmanb\AppData\Local\Programs\Python\Python37-32\lib\http\server.py", line 646, in __init__
    super().__init__(*args, **kwargs)
  File "C:\Users\hoffmanb\AppData\Local\Programs\Python\Python37-32\lib\socketserver.py", line 720, in __init__
    self.handle()
  File "C:\Users\hoffmanb\AppData\Local\Programs\Python\Python37-32\lib\http\server.py", line 426, in handle
    self.handle_one_request()
  File "C:\Users\hoffmanb\AppData\Local\Programs\Python\Python37-32\lib\http\server.py", line 414, in handle_one_request
    method()
  File "C:\Users\hoffmanb\AppData\Local\Programs\Python\Python37-32\lib\http\server.py", line 650, in do_GET
    f = self.send_head()
  File "C:\Users\hoffmanb\AppData\Local\Programs\Python\Python37-32\lib\http\server.py", line 698, in send_head
    self.send_error(HTTPStatus.NOT_FOUND, "File not found")
  File "C:\Users\hoffmanb\AppData\Local\Programs\Python\Python37-32\lib\http\server.py", line 481, in send_error
    self.wfile.write(body)
  File "C:\Users\hoffmanb\AppData\Local\Programs\Python\Python37-32\lib\socketserver.py", line 799, in write
    self._sock.sendall(b)
ConnectionAbortedError: [WinError 10053] An established connection was aborted by the software in your host machine
----------------------------------------
127.0.0.1 - - [26/Feb/2021 10:14:18] code 404, message File not found
127.0.0.1 - - [26/Feb/2021 10:14:18] "GET /runestone/ajax/set_tz_offset?timezoneoffset=5 HTTP/1.1" 404 -
127.0.0.1 - - [26/Feb/2021 10:14:19] "GET /_images/MobileCSPLogo2.png HTTP/1.1" 200 -
127.0.0.1 - - [26/Feb/2021 10:14:19] code 404, message File not found
127.0.0.1 - - [26/Feb/2021 10:14:19] "GET /runestone/ajax/set_tz_offset?timezoneoffset=5 HTTP/1.1" 404 -
127.0.0.1 - - [26/Feb/2021 10:14:31] "GET /Unit2/lesson-2-2-I-Have-a-Dream-Tutorial.html HTTP/1.1" 200 -
127.0.0.1 - - [26/Feb/2021 10:14:31] "GET /_static/basic.css HTTP/1.1" 304 -
127.0.0.1 - - [26/Feb/2021 10:14:31] "GET /_static/pygments.css HTTP/1.1" 304 -
127.0.0.1 - - [26/Feb/2021 10:14:32] "GET /_static/bootstrap-sphinx.css HTTP/1.1" 304 -
127.0.0.1 - - [26/Feb/2021 10:14:32] "GET /_static/documentation_options.js HTTP/1.1" 304 -
127.0.0.1 - - [26/Feb/2021 10:14:32] "GET /_static/language_data.js HTTP/1.1" 304 -
127.0.0.1 - - [26/Feb/2021 10:14:32] code 404, message File not found
127.0.0.1 - - [26/Feb/2021 10:14:32] "GET /code.jquery.com/jquery-1.11.3.min.js HTTP/1.1" 404 -
127.0.0.1 - - [26/Feb/2021 10:14:32] code 404, message File not found
127.0.0.1 - - [26/Feb/2021 10:14:32] "GET /Unit2/assets/lib/lessons/tipped.js HTTP/1.1" 404 -
127.0.0.1 - - [26/Feb/2021 10:14:32] code 404, message File not found
127.0.0.1 - - [26/Feb/2021 10:14:32] "GET /Unit2/assets/lib/Framework2020.js HTTP/1.1" 404 -
127.0.0.1 - - [26/Feb/2021 10:14:32] code 404, message File not found
127.0.0.1 - - [26/Feb/2021 10:14:32] "GET /code.jquery.com/ui/1.11.4/themes/smoothness/jquery-ui.css HTTP/1.1" 404 -
127.0.0.1 - - [26/Feb/2021 10:14:32] code 404, message File not found
127.0.0.1 - - [26/Feb/2021 10:14:32] "GET /Unit2/assets/lib/lessons/tipped.css HTTP/1.1" 404 -
127.0.0.1 - - [26/Feb/2021 10:14:32] code 404, message File not found
127.0.0.1 - - [26/Feb/2021 10:14:32] "GET /Unit2/assets/lib/lessons/lessons.css HTTP/1.1" 404 -
127.0.0.1 - - [26/Feb/2021 10:14:32] code 404, message File not found
127.0.0.1 - - [26/Feb/2021 10:14:32] "GET /Unit2/assets/lib/lessons/tipped.css HTTP/1.1" 404 -
127.0.0.1 - - [26/Feb/2021 10:14:32] code 404, message File not found
127.0.0.1 - - [26/Feb/2021 10:14:32] "GET /code.jquery.com/ui/1.11.4/jquery-ui.js HTTP/1.1" 404 -
127.0.0.1 - - [26/Feb/2021 10:14:32] code 404, message File not found
127.0.0.1 - - [26/Feb/2021 10:14:32] "GET /Unit2/assets/lib/lessons/lessons.css HTTP/1.1" 404 -
127.0.0.1 - - [26/Feb/2021 10:14:32] code 404, message File not found
127.0.0.1 - - [26/Feb/2021 10:14:32] "GET /Unit2/assets/lib/vocabulary.js HTTP/1.1" 404 -
127.0.0.1 - - [26/Feb/2021 10:14:32] code 404, message File not found
127.0.0.1 - - [26/Feb/2021 10:14:32] "GET /modules/core_tags/_static/js/youtube_video.js HTTP/1.1" 404 -
127.0.0.1 - - [26/Feb/2021 10:14:32] code 404, message File not found
127.0.0.1 - - [26/Feb/2021 10:14:32] "GET /modules/assessment_tags/resources/questions.css HTTP/1.1" 404 -
127.0.0.1 - - [26/Feb/2021 10:14:32] code 404, message File not found
127.0.0.1 - - [26/Feb/2021 10:14:32] "GET /code.jquery.com/ui/1.11.4/jquery-ui.js HTTP/1.1" 404 -
127.0.0.1 - - [26/Feb/2021 10:14:32] code 404, message File not found
127.0.0.1 - - [26/Feb/2021 10:14:32] "GET /Unit2/assets/lib/vocabulary.js HTTP/1.1" 404 -
127.0.0.1 - - [26/Feb/2021 10:14:33] code 404, message File not found
127.0.0.1 - - [26/Feb/2021 10:14:33] "GET /modules/core_tags/_static/js/youtube_video.js HTTP/1.1" 404 -
127.0.0.1 - - [26/Feb/2021 10:14:33] code 404, message File not found
127.0.0.1 - - [26/Feb/2021 10:14:33] "GET /modules/assessment_tags/resources/questions.css HTTP/1.1" 404 -
127.0.0.1 - - [26/Feb/2021 10:14:33] code 404, message File not found
127.0.0.1 - - [26/Feb/2021 10:14:33] "GET /modules/assessment_tags/resources/grading_lib.js HTTP/1.1" 404 -
127.0.0.1 - - [26/Feb/2021 10:14:33] code 404, message File not found
127.0.0.1 - - [26/Feb/2021 10:14:33] "GET /modules/assessment_tags/resources/grading_lib.js HTTP/1.1" 404 -
127.0.0.1 - - [26/Feb/2021 10:14:33] code 404, message File not found
127.0.0.1 - - [26/Feb/2021 10:14:33] "GET /modules/assessment_tags/resources/grading.js HTTP/1.1" 404 -
127.0.0.1 - - [26/Feb/2021 10:14:33] code 404, message File not found
127.0.0.1 - - [26/Feb/2021 10:14:33] "GET /Unit2/assets/img/phoneIO.png HTTP/1.1" 404 -
127.0.0.1 - - [26/Feb/2021 10:14:33] code 404, message File not found
127.0.0.1 - - [26/Feb/2021 10:14:33] "GET /modules/assessment_tags/resources/questions.css HTTP/1.1" 404 -
127.0.0.1 - - [26/Feb/2021 10:14:33] code 404, message File not found
127.0.0.1 - - [26/Feb/2021 10:14:33] "GET /modules/assessment_tags/resources/grading_lib.js HTTP/1.1" 404 -
127.0.0.1 - - [26/Feb/2021 10:14:33] code 404, message File not found
127.0.0.1 - - [26/Feb/2021 10:14:33] "GET /modules/assessment_tags/resources/grading.js HTTP/1.1" 404 -
127.0.0.1 - - [26/Feb/2021 10:14:33] code 404, message File not found
127.0.0.1 - - [26/Feb/2021 10:14:33] "GET /modules/assessment_tags/resources/questions.css HTTP/1.1" 404 -
127.0.0.1 - - [26/Feb/2021 10:14:34] code 404, message File not found
127.0.0.1 - - [26/Feb/2021 10:14:34] "GET /modules/assessment_tags/resources/grading_lib.js HTTP/1.1" 404 -
127.0.0.1 - - [26/Feb/2021 10:14:34] code 404, message File not found
127.0.0.1 - - [26/Feb/2021 10:14:34] "GET /modules/assessment_tags/resources/grading.js HTTP/1.1" 404 -
127.0.0.1 - - [26/Feb/2021 10:14:34] code 404, message File not found
127.0.0.1 - - [26/Feb/2021 10:14:34] "GET /modules/assessment_tags/resources/questions.css HTTP/1.1" 404 -
127.0.0.1 - - [26/Feb/2021 10:14:34] code 404, message File not found
127.0.0.1 - - [26/Feb/2021 10:14:34] "GET /modules/assessment_tags/resources/grading_lib.js HTTP/1.1" 404 -
127.0.0.1 - - [26/Feb/2021 10:14:34] code 404, message File not found
127.0.0.1 - - [26/Feb/2021 10:14:34] "GET /modules/assessment_tags/resources/grading.js HTTP/1.1" 404 -
127.0.0.1 - - [26/Feb/2021 10:14:34] code 404, message File not found
127.0.0.1 - - [26/Feb/2021 10:14:34] "GET /modules/assessment_tags/resources/questions.css HTTP/1.1" 404 -
127.0.0.1 - - [26/Feb/2021 10:14:35] code 404, message File not found
127.0.0.1 - - [26/Feb/2021 10:14:35] "GET /modules/assessment_tags/resources/grading_lib.js HTTP/1.1" 404 -
127.0.0.1 - - [26/Feb/2021 10:14:35] code 404, message File not found
127.0.0.1 - - [26/Feb/2021 10:14:35] "GET /modules/assessment_tags/resources/grading.js HTTP/1.1" 404 -
127.0.0.1 - - [26/Feb/2021 10:14:35] code 404, message File not found
127.0.0.1 - - [26/Feb/2021 10:14:35] "GET /modules/assessment_tags/resources/questions.css HTTP/1.1" 404 -
127.0.0.1 - - [26/Feb/2021 10:14:35] code 404, message File not found
127.0.0.1 - - [26/Feb/2021 10:14:35] "GET /modules/assessment_tags/resources/grading_lib.js HTTP/1.1" 404 -
127.0.0.1 - - [26/Feb/2021 10:14:35] code 404, message File not found
127.0.0.1 - - [26/Feb/2021 10:14:35] "GET /modules/assessment_tags/resources/grading.js HTTP/1.1" 404 -
127.0.0.1 - - [26/Feb/2021 10:14:35] code 404, message File not found
127.0.0.1 - - [26/Feb/2021 10:14:35] "GET /modules/assessment_tags/resources/questions.css HTTP/1.1" 404 -
127.0.0.1 - - [26/Feb/2021 10:14:35] code 404, message File not found
127.0.0.1 - - [26/Feb/2021 10:14:35] "GET /modules/assessment_tags/resources/grading_lib.js HTTP/1.1" 404 -
127.0.0.1 - - [26/Feb/2021 10:14:36] code 404, message File not found
127.0.0.1 - - [26/Feb/2021 10:14:36] "GET /modules/assessment_tags/resources/grading.js HTTP/1.1" 404 -
127.0.0.1 - - [26/Feb/2021 10:14:36] code 404, message File not found
127.0.0.1 - - [26/Feb/2021 10:14:36] "GET /runestone/ajax/set_tz_offset?timezoneoffset=5 HTTP/1.1" 404 -
127.0.0.1 - - [26/Feb/2021 10:14:36] code 404, message File not found
127.0.0.1 - - [26/Feb/2021 10:14:36] "GET /Unit2/assets/lib/quizly/gcb-index60c4.html?backpack=hidden&selector=hidden&quizname=quiz_pause_the_player&hints=true&repeatable=false HTTP/1.1" 404 -
127.0.0.1 - - [26/Feb/2021 10:14:36] code 404, message File not found
127.0.0.1 - - [26/Feb/2021 10:14:36] "GET /Unit2/assets/lib/quizly/gcb-index535c.html?backpack=hidden&selector=hidden&quizname=quiz_button_click_stop_player&hints=true&repeatable=false HTTP/1.1" 404 -
127.0.0.1 - - [26/Feb/2021 10:14:36] code 404, message File not found
127.0.0.1 - - [26/Feb/2021 10:14:36] "GET /Unit2/assets/img/not_started.png HTTP/1.1" 404 -

Aborted!
127.0.0.1 - - [26/Feb/2021 10:46:25] "GET /index.html HTTP/1.1" 200 -
127.0.0.1 - - [26/Feb/2021 10:46:25] "GET /_static/basic.css HTTP/1.1" 200 -
127.0.0.1 - - [26/Feb/2021 10:46:25] "GET /_static/pygments.css HTTP/1.1" 200 -
127.0.0.1 - - [26/Feb/2021 10:46:26] "GET /_static/bootstrap-sphinx.css HTTP/1.1" 200 -
127.0.0.1 - - [26/Feb/2021 10:46:26] "GET /_static/documentation_options.js HTTP/1.1" 200 -
127.0.0.1 - - [26/Feb/2021 10:46:26] "GET /_static/language_data.js HTTP/1.1" 200 -
127.0.0.1 - - [26/Feb/2021 10:46:26] code 404, message File not found
127.0.0.1 - - [26/Feb/2021 10:46:26] "GET /runestone/ajax/set_tz_offset?timezoneoffset=5 HTTP/1.1" 404 -
127.0.0.1 - - [26/Feb/2021 10:46:31] "GET /Unit2-Intro-to-Mobile-Apps/lesson-2-2-I-Have-a-Dream-Tutorial.html HTTP/1.1" 200 -
127.0.0.1 - - [26/Feb/2021 10:46:32] "GET /_static/documentation_options.js HTTP/1.1" 304 -
127.0.0.1 - - [26/Feb/2021 10:46:32] "GET /_static/language_data.js HTTP/1.1" 304 -
127.0.0.1 - - [26/Feb/2021 10:46:32] "GET /_images/MobileCSPLogo2.png HTTP/1.1" 200 -
127.0.0.1 - - [26/Feb/2021 10:46:32] code 404, message File not found
127.0.0.1 - - [26/Feb/2021 10:46:32] "GET /Unit2-Intro-to-Mobile-Apps/assets/lib/lessons/tipped.js HTTP/1.1" 404 -
127.0.0.1 - - [26/Feb/2021 10:46:32] code 404, message File not found
127.0.0.1 - - [26/Feb/2021 10:46:32] "GET /Unit2-Intro-to-Mobile-Apps/assets/lib/Framework2020.js HTTP/1.1" 404 -
127.0.0.1 - - [26/Feb/2021 10:46:32] code 404, message File not found
127.0.0.1 - - [26/Feb/2021 10:46:32] "GET /Unit2-Intro-to-Mobile-Apps/assets/lib/lessons/tipped.css HTTP/1.1" 404 -
127.0.0.1 - - [26/Feb/2021 10:46:32] code 404, message File not found
127.0.0.1 - - [26/Feb/2021 10:46:32] "GET /Unit2-Intro-to-Mobile-Apps/assets/lib/lessons/lessons.css HTTP/1.1" 404 -
127.0.0.1 - - [26/Feb/2021 10:46:32] code 404, message File not found
127.0.0.1 - - [26/Feb/2021 10:46:32] "GET /Unit2-Intro-to-Mobile-Apps/assets/lib/vocabulary.js HTTP/1.1" 404 -
127.0.0.1 - - [26/Feb/2021 10:46:32] code 404, message File not found
127.0.0.1 - - [26/Feb/2021 10:46:32] "GET /modules/core_tags/_static/js/youtube_video.js HTTP/1.1" 404 -
127.0.0.1 - - [26/Feb/2021 10:46:32] code 404, message File not found
127.0.0.1 - - [26/Feb/2021 10:46:32] "GET /modules/assessment_tags/resources/questions.css HTTP/1.1" 404 -
127.0.0.1 - - [26/Feb/2021 10:46:32] code 404, message File not found
127.0.0.1 - - [26/Feb/2021 10:46:32] "GET /modules/assessment_tags/resources/grading_lib.js HTTP/1.1" 404 -
127.0.0.1 - - [26/Feb/2021 10:46:32] code 404, message File not found
127.0.0.1 - - [26/Feb/2021 10:46:32] "GET /modules/assessment_tags/resources/grading.js HTTP/1.1" 404 -
127.0.0.1 - - [26/Feb/2021 10:46:32] code 404, message File not found
127.0.0.1 - - [26/Feb/2021 10:46:32] "GET /Unit2-Intro-to-Mobile-Apps/assets/img/phoneIO.png HTTP/1.1" 404 -
127.0.0.1 - - [26/Feb/2021 10:46:32] code 404, message File not found
127.0.0.1 - - [26/Feb/2021 10:46:32] "GET /Unit2-Intro-to-Mobile-Apps/assets/img/not_started.png HTTP/1.1" 404 -
127.0.0.1 - - [26/Feb/2021 10:46:33] code 404, message File not found
127.0.0.1 - - [26/Feb/2021 10:46:33] "GET /modules/assessment_tags/resources/questions.css HTTP/1.1" 404 -
127.0.0.1 - - [26/Feb/2021 10:46:33] code 404, message File not found
127.0.0.1 - - [26/Feb/2021 10:46:33] "GET /modules/assessment_tags/resources/grading_lib.js HTTP/1.1" 404 -
127.0.0.1 - - [26/Feb/2021 10:46:33] code 404, message File not found
127.0.0.1 - - [26/Feb/2021 10:46:33] "GET /modules/assessment_tags/resources/grading.js HTTP/1.1" 404 -
127.0.0.1 - - [26/Feb/2021 10:46:33] code 404, message File not found
127.0.0.1 - - [26/Feb/2021 10:46:33] "GET /modules/assessment_tags/resources/questions.css HTTP/1.1" 404 -
127.0.0.1 - - [26/Feb/2021 10:46:34] code 404, message File not found
127.0.0.1 - - [26/Feb/2021 10:46:34] "GET /modules/assessment_tags/resources/grading_lib.js HTTP/1.1" 404 -
127.0.0.1 - - [26/Feb/2021 10:46:34] code 404, message File not found
127.0.0.1 - - [26/Feb/2021 10:46:34] "GET /modules/assessment_tags/resources/grading.js HTTP/1.1" 404 -
127.0.0.1 - - [26/Feb/2021 10:46:34] code 404, message File not found
127.0.0.1 - - [26/Feb/2021 10:46:34] "GET /modules/assessment_tags/resources/questions.css HTTP/1.1" 404 -
127.0.0.1 - - [26/Feb/2021 10:46:34] code 404, message File not found
127.0.0.1 - - [26/Feb/2021 10:46:34] "GET /modules/assessment_tags/resources/grading_lib.js HTTP/1.1" 404 -
127.0.0.1 - - [26/Feb/2021 10:46:34] code 404, message File not found
127.0.0.1 - - [26/Feb/2021 10:46:34] "GET /modules/assessment_tags/resources/grading.js HTTP/1.1" 404 -
127.0.0.1 - - [26/Feb/2021 10:46:34] code 404, message File not found
127.0.0.1 - - [26/Feb/2021 10:46:34] "GET /modules/assessment_tags/resources/questions.css HTTP/1.1" 404 -
127.0.0.1 - - [26/Feb/2021 10:46:35] code 404, message File not found
127.0.0.1 - - [26/Feb/2021 10:46:35] "GET /modules/assessment_tags/resources/grading_lib.js HTTP/1.1" 404 -
127.0.0.1 - - [26/Feb/2021 10:46:35] code 404, message File not found
127.0.0.1 - - [26/Feb/2021 10:46:35] "GET /modules/assessment_tags/resources/grading.js HTTP/1.1" 404 -
127.0.0.1 - - [26/Feb/2021 10:46:35] code 404, message File not found
127.0.0.1 - - [26/Feb/2021 10:46:35] "GET /modules/assessment_tags/resources/questions.css HTTP/1.1" 404 -
127.0.0.1 - - [26/Feb/2021 10:46:35] code 404, message File not found
127.0.0.1 - - [26/Feb/2021 10:46:35] "GET /modules/assessment_tags/resources/grading_lib.js HTTP/1.1" 404 -
127.0.0.1 - - [26/Feb/2021 10:46:35] code 404, message File not found
127.0.0.1 - - [26/Feb/2021 10:46:35] "GET /modules/assessment_tags/resources/grading.js HTTP/1.1" 404 -
127.0.0.1 - - [26/Feb/2021 10:46:35] code 404, message File not found
127.0.0.1 - - [26/Feb/2021 10:46:35] "GET /modules/assessment_tags/resources/questions.css HTTP/1.1" 404 -
127.0.0.1 - - [26/Feb/2021 10:46:36] code 404, message File not found
127.0.0.1 - - [26/Feb/2021 10:46:36] "GET /modules/assessment_tags/resources/grading_lib.js HTTP/1.1" 404 -
127.0.0.1 - - [26/Feb/2021 10:46:36] code 404, message File not found
127.0.0.1 - - [26/Feb/2021 10:46:36] "GET /modules/assessment_tags/resources/grading.js HTTP/1.1" 404 -
127.0.0.1 - - [26/Feb/2021 10:46:36] code 404, message File not found
127.0.0.1 - - [26/Feb/2021 10:46:36] "GET /runestone/ajax/set_tz_offset?timezoneoffset=5 HTTP/1.1" 404 -
127.0.0.1 - - [26/Feb/2021 10:46:36] code 404, message File not found
127.0.0.1 - - [26/Feb/2021 10:46:36] "GET /Unit2-Intro-to-Mobile-Apps/assets/lib/quizly/gcb-index60c4.html?backpack=hidden&selector=hidden&quizname=quiz_pause_the_player&hints=true&repeatable=false HTTP/1.1" 404 -
127.0.0.1 - - [26/Feb/2021 10:46:36] code 404, message File not found
127.0.0.1 - - [26/Feb/2021 10:46:36] "GET /Unit2-Intro-to-Mobile-Apps/assets/img/not_started.png HTTP/1.1" 404 -
127.0.0.1 - - [26/Feb/2021 10:46:38] "GET /Unit2-Intro-to-Mobile-Apps/toctree.html HTTP/1.1" 200 -
127.0.0.1 - - [26/Feb/2021 10:46:38] "GET /_static/basic.css HTTP/1.1" 304 -
127.0.0.1 - - [26/Feb/2021 10:46:38] code 404, message File not found
127.0.0.1 - - [26/Feb/2021 10:46:38] "GET /runestone/ajax/set_tz_offset?timezoneoffset=5 HTTP/1.1" 404 -
----------------------------------------
Exception happened during processing of request from ('127.0.0.1', 54054)
Traceback (most recent call last):
  File "C:\Users\hoffmanb\AppData\Local\Programs\Python\Python37-32\lib\http\server.py", line 696, in send_head
    f = open(path, 'rb')
FileNotFoundError: [Errno 2] No such file or directory: 'C:\\Users\\hoffmanb\\Desktop\\Github\\MobileCSP\\build\\mobilecsp\\runestone\\ajax\\set_tz_offset'

During handling of the above exception, another exception occurred:

Traceback (most recent call last):
  File "C:\Users\hoffmanb\AppData\Local\Programs\Python\Python37-32\lib\socketserver.py", line 316, in _handle_request_noblock
    self.process_request(request, client_address)
  File "C:\Users\hoffmanb\AppData\Local\Programs\Python\Python37-32\lib\socketserver.py", line 347, in process_request
    self.finish_request(request, client_address)
  File "C:\Users\hoffmanb\AppData\Local\Programs\Python\Python37-32\lib\socketserver.py", line 360, in finish_request
    self.RequestHandlerClass(request, client_address, self)
  File "C:\Users\hoffmanb\AppData\Local\Programs\Python\Python37-32\lib\http\server.py", line 646, in __init__
    super().__init__(*args, **kwargs)
  File "C:\Users\hoffmanb\AppData\Local\Programs\Python\Python37-32\lib\socketserver.py", line 720, in __init__
    self.handle()
  File "C:\Users\hoffmanb\AppData\Local\Programs\Python\Python37-32\lib\http\server.py", line 426, in handle
    self.handle_one_request()
  File "C:\Users\hoffmanb\AppData\Local\Programs\Python\Python37-32\lib\http\server.py", line 414, in handle_one_request
    method()
  File "C:\Users\hoffmanb\AppData\Local\Programs\Python\Python37-32\lib\http\server.py", line 650, in do_GET
    f = self.send_head()
  File "C:\Users\hoffmanb\AppData\Local\Programs\Python\Python37-32\lib\http\server.py", line 698, in send_head
    self.send_error(HTTPStatus.NOT_FOUND, "File not found")
  File "C:\Users\hoffmanb\AppData\Local\Programs\Python\Python37-32\lib\http\server.py", line 481, in send_error
    self.wfile.write(body)
  File "C:\Users\hoffmanb\AppData\Local\Programs\Python\Python37-32\lib\socketserver.py", line 799, in write
    self._sock.sendall(b)
ConnectionAbortedError: [WinError 10053] An established connection was aborted by the software in your host machine
----------------------------------------
127.0.0.1 - - [26/Feb/2021 10:46:39] "GET /_static/bootstrap-sphinx.css HTTP/1.1" 304 -
127.0.0.1 - - [26/Feb/2021 10:46:39] "GET /_static/pygments.css HTTP/1.1" 304 -
127.0.0.1 - - [26/Feb/2021 10:46:39] "GET /_static/documentation_options.js HTTP/1.1" 304 -
127.0.0.1 - - [26/Feb/2021 10:46:39] "GET /_static/language_data.js HTTP/1.1" 304 -
127.0.0.1 - - [26/Feb/2021 10:46:39] code 404, message File not found
127.0.0.1 - - [26/Feb/2021 10:46:39] "GET /runestone/ajax/set_tz_offset?timezoneoffset=5 HTTP/1.1" 404 -
127.0.0.1 - - [26/Feb/2021 10:46:41] "GET /Unit2-Intro-to-Mobile-Apps/lesson-2-2-I-Have-a-Dream-Tutorial.html HTTP/1.1" 304 -
127.0.0.1 - - [26/Feb/2021 10:46:41] code 404, message File not found
127.0.0.1 - - [26/Feb/2021 10:46:41] "GET /Unit2-Intro-to-Mobile-Apps/assets/lib/lessons/tipped.js HTTP/1.1" 404 -
127.0.0.1 - - [26/Feb/2021 10:46:42] code 404, message File not found
127.0.0.1 - - [26/Feb/2021 10:46:42] "GET /Unit2-Intro-to-Mobile-Apps/assets/lib/Framework2020.js HTTP/1.1" 404 -
127.0.0.1 - - [26/Feb/2021 10:46:42] code 404, message File not found
127.0.0.1 - - [26/Feb/2021 10:46:42] "GET /Unit2-Intro-to-Mobile-Apps/assets/lib/lessons/tipped.js HTTP/1.1" 404 -
127.0.0.1 - - [26/Feb/2021 10:46:42] code 404, message File not found
127.0.0.1 - - [26/Feb/2021 10:46:42] "GET /modules/assessment_tags/resources/grading_lib.js HTTP/1.1" 404 -
127.0.0.1 - - [26/Feb/2021 10:46:42] code 404, message File not found
127.0.0.1 - - [26/Feb/2021 10:46:42] "GET /Unit2-Intro-to-Mobile-Apps/assets/lib/lessons/tipped.css HTTP/1.1" 404 -
127.0.0.1 - - [26/Feb/2021 10:46:42] code 404, message File not found
127.0.0.1 - - [26/Feb/2021 10:46:42] "GET /Unit2-Intro-to-Mobile-Apps/assets/lib/lessons/lessons.css HTTP/1.1" 404 -
127.0.0.1 - - [26/Feb/2021 10:46:42] code 404, message File not found
127.0.0.1 - - [26/Feb/2021 10:46:42] "GET /Unit2-Intro-to-Mobile-Apps/assets/lib/vocabulary.js HTTP/1.1" 404 -
127.0.0.1 - - [26/Feb/2021 10:46:42] code 404, message File not found
127.0.0.1 - - [26/Feb/2021 10:46:42] "GET /modules/core_tags/_static/js/youtube_video.js HTTP/1.1" 404 -
127.0.0.1 - - [26/Feb/2021 10:46:42] code 404, message File not found
127.0.0.1 - - [26/Feb/2021 10:46:42] "GET /Unit2-Intro-to-Mobile-Apps/assets/lib/Framework2020.js HTTP/1.1" 404 -
127.0.0.1 - - [26/Feb/2021 10:46:42] code 404, message File not found
127.0.0.1 - - [26/Feb/2021 10:46:42] "GET /modules/assessment_tags/resources/questions.css HTTP/1.1" 404 -
127.0.0.1 - - [26/Feb/2021 10:46:42] code 404, message File not found
127.0.0.1 - - [26/Feb/2021 10:46:42] "GET /modules/assessment_tags/resources/grading.js HTTP/1.1" 404 -
127.0.0.1 - - [26/Feb/2021 10:46:42] code 404, message File not found
127.0.0.1 - - [26/Feb/2021 10:46:42] "GET /Unit2-Intro-to-Mobile-Apps/assets/lib/lessons/tipped.css HTTP/1.1" 404 -
127.0.0.1 - - [26/Feb/2021 10:46:42] code 404, message File not found
127.0.0.1 - - [26/Feb/2021 10:46:42] "GET /Unit2-Intro-to-Mobile-Apps/assets/img/not_started.png HTTP/1.1" 404 -
127.0.0.1 - - [26/Feb/2021 10:46:42] code 404, message File not found
127.0.0.1 - - [26/Feb/2021 10:46:42] "GET /Unit2-Intro-to-Mobile-Apps/assets/lib/lessons/lessons.css HTTP/1.1" 404 -
127.0.0.1 - - [26/Feb/2021 10:46:42] code 404, message File not found
127.0.0.1 - - [26/Feb/2021 10:46:42] "GET /Unit2-Intro-to-Mobile-Apps/assets/lib/vocabulary.js HTTP/1.1" 404 -
127.0.0.1 - - [26/Feb/2021 10:46:43] code 404, message File not found
127.0.0.1 - - [26/Feb/2021 10:46:43] "GET /modules/core_tags/_static/js/youtube_video.js HTTP/1.1" 404 -
127.0.0.1 - - [26/Feb/2021 10:46:43] code 404, message File not found
127.0.0.1 - - [26/Feb/2021 10:46:43] "GET /Unit2-Intro-to-Mobile-Apps/assets/img/phoneIO.png HTTP/1.1" 404 -
127.0.0.1 - - [26/Feb/2021 10:46:43] code 404, message File not found
127.0.0.1 - - [26/Feb/2021 10:46:43] "GET /modules/assessment_tags/resources/questions.css HTTP/1.1" 404 -
127.0.0.1 - - [26/Feb/2021 10:46:43] code 404, message File not found
127.0.0.1 - - [26/Feb/2021 10:46:43] "GET /modules/assessment_tags/resources/grading_lib.js HTTP/1.1" 404 -
127.0.0.1 - - [26/Feb/2021 10:46:43] code 404, message File not found
127.0.0.1 - - [26/Feb/2021 10:46:43] "GET /modules/assessment_tags/resources/grading.js HTTP/1.1" 404 -
127.0.0.1 - - [26/Feb/2021 10:46:44] code 404, message File not found
127.0.0.1 - - [26/Feb/2021 10:46:44] "GET /modules/assessment_tags/resources/questions.css HTTP/1.1" 404 -
127.0.0.1 - - [26/Feb/2021 10:46:44] code 404, message File not found
127.0.0.1 - - [26/Feb/2021 10:46:44] "GET /modules/assessment_tags/resources/grading_lib.js HTTP/1.1" 404 -
127.0.0.1 - - [26/Feb/2021 10:46:44] code 404, message File not found
127.0.0.1 - - [26/Feb/2021 10:46:44] "GET /modules/assessment_tags/resources/grading.js HTTP/1.1" 404 -
127.0.0.1 - - [26/Feb/2021 10:46:44] code 404, message File not found
127.0.0.1 - - [26/Feb/2021 10:46:44] "GET /modules/assessment_tags/resources/questions.css HTTP/1.1" 404 -
127.0.0.1 - - [26/Feb/2021 10:46:44] code 404, message File not found
127.0.0.1 - - [26/Feb/2021 10:46:44] "GET /modules/assessment_tags/resources/grading_lib.js HTTP/1.1" 404 -
127.0.0.1 - - [26/Feb/2021 10:46:44] code 404, message File not found
127.0.0.1 - - [26/Feb/2021 10:46:44] "GET /modules/assessment_tags/resources/grading.js HTTP/1.1" 404 -
127.0.0.1 - - [26/Feb/2021 10:46:45] code 404, message File not found
127.0.0.1 - - [26/Feb/2021 10:46:45] "GET /modules/assessment_tags/resources/questions.css HTTP/1.1" 404 -
127.0.0.1 - - [26/Feb/2021 10:46:45] code 404, message File not found
127.0.0.1 - - [26/Feb/2021 10:46:45] "GET /modules/assessment_tags/resources/grading_lib.js HTTP/1.1" 404 -
127.0.0.1 - - [26/Feb/2021 10:46:45] code 404, message File not found
127.0.0.1 - - [26/Feb/2021 10:46:45] "GET /modules/assessment_tags/resources/grading.js HTTP/1.1" 404 -
127.0.0.1 - - [26/Feb/2021 10:46:45] code 404, message File not found
127.0.0.1 - - [26/Feb/2021 10:46:45] "GET /modules/assessment_tags/resources/questions.css HTTP/1.1" 404 -
127.0.0.1 - - [26/Feb/2021 10:46:45] code 404, message File not found
127.0.0.1 - - [26/Feb/2021 10:46:45] "GET /modules/assessment_tags/resources/grading_lib.js HTTP/1.1" 404 -
127.0.0.1 - - [26/Feb/2021 10:46:45] code 404, message File not found
127.0.0.1 - - [26/Feb/2021 10:46:45] "GET /modules/assessment_tags/resources/grading.js HTTP/1.1" 404 -
127.0.0.1 - - [26/Feb/2021 10:46:46] code 404, message File not found
127.0.0.1 - - [26/Feb/2021 10:46:46] "GET /modules/assessment_tags/resources/questions.css HTTP/1.1" 404 -
127.0.0.1 - - [26/Feb/2021 10:46:46] code 404, message File not found
127.0.0.1 - - [26/Feb/2021 10:46:46] "GET /modules/assessment_tags/resources/grading_lib.js HTTP/1.1" 404 -
127.0.0.1 - - [26/Feb/2021 10:46:46] code 404, message File not found
127.0.0.1 - - [26/Feb/2021 10:46:46] "GET /modules/assessment_tags/resources/grading.js HTTP/1.1" 404 -
127.0.0.1 - - [26/Feb/2021 10:46:46] code 404, message File not found
127.0.0.1 - - [26/Feb/2021 10:46:46] "GET /modules/assessment_tags/resources/questions.css HTTP/1.1" 404 -
127.0.0.1 - - [26/Feb/2021 10:46:46] code 404, message File not found
127.0.0.1 - - [26/Feb/2021 10:46:46] "GET /modules/assessment_tags/resources/grading_lib.js HTTP/1.1" 404 -
127.0.0.1 - - [26/Feb/2021 10:46:46] code 404, message File not found
127.0.0.1 - - [26/Feb/2021 10:46:46] "GET /modules/assessment_tags/resources/grading.js HTTP/1.1" 404 -
127.0.0.1 - - [26/Feb/2021 10:46:46] code 404, message File not found
127.0.0.1 - - [26/Feb/2021 10:46:46] "GET /runestone/ajax/set_tz_offset?timezoneoffset=5 HTTP/1.1" 404 -
127.0.0.1 - - [26/Feb/2021 10:46:46] code 404, message File not found
127.0.0.1 - - [26/Feb/2021 10:46:46] "GET /Unit2-Intro-to-Mobile-Apps/assets/lib/quizly/gcb-index60c4.html?backpack=hidden&selector=hidden&quizname=quiz_pause_the_player&hints=true&repeatable=false HTTP/1.1" 404 -
127.0.0.1 - - [26/Feb/2021 10:46:46] code 404, message File not found
127.0.0.1 - - [26/Feb/2021 10:46:46] "GET /Unit2-Intro-to-Mobile-Apps/assets/lib/quizly/gcb-index535c.html?backpack=hidden&selector=hidden&quizname=quiz_button_click_stop_player&hints=true&repeatable=false HTTP/1.1" 404 -
127.0.0.1 - - [26/Feb/2021 10:46:46] code 404, message File not found
127.0.0.1 - - [26/Feb/2021 10:46:46] "GET /Unit2-Intro-to-Mobile-Apps/assets/img/not_started.png HTTP/1.1" 404 -
127.0.0.1 - - [26/Feb/2021 10:49:56] code 404, message File not found
127.0.0.1 - - [26/Feb/2021 10:49:56] "GET /Unit2-Intro-to-Mobile-Apps/assets/img/phoneIO.png HTTP/1.1" 404 -
127.0.0.1 - - [26/Feb/2021 10:49:57] code 404, message File not found
127.0.0.1 - - [26/Feb/2021 10:49:57] "GET /favicon.ico HTTP/1.1" 404 -

Aborted!
127.0.0.1 - - [26/Feb/2021 12:38:22] "GET /Unit2-Intro-to-Mobile-Apps/lesson-2-2-I-Have-a-Dream-Tutorial.html HTTP/1.1" 200 -
127.0.0.1 - - [26/Feb/2021 12:38:22] "GET /_static/basic.css HTTP/1.1" 200 -
127.0.0.1 - - [26/Feb/2021 12:38:22] "GET /_static/pygments.css HTTP/1.1" 200 -
127.0.0.1 - - [26/Feb/2021 12:38:22] "GET /_static/bootstrap-sphinx.css HTTP/1.1" 200 -
127.0.0.1 - - [26/Feb/2021 12:38:22] "GET /_static/documentation_options.js HTTP/1.1" 200 -
127.0.0.1 - - [26/Feb/2021 12:38:22] "GET /_static/language_data.js HTTP/1.1" 200 -
127.0.0.1 - - [26/Feb/2021 12:38:22] code 404, message File not found
127.0.0.1 - - [26/Feb/2021 12:38:22] "GET /assets/lib/lessons/tipped.js HTTP/1.1" 404 -
127.0.0.1 - - [26/Feb/2021 12:38:23] code 404, message File not found
127.0.0.1 - - [26/Feb/2021 12:38:23] "GET /assets/lib/Framework2020.js HTTP/1.1" 404 -
127.0.0.1 - - [26/Feb/2021 12:38:23] code 404, message File not found
127.0.0.1 - - [26/Feb/2021 12:38:23] "GET /assets/lib/lessons/tipped.js HTTP/1.1" 404 -
127.0.0.1 - - [26/Feb/2021 12:38:23] code 404, message File not found
127.0.0.1 - - [26/Feb/2021 12:38:23] "GET /assets/lib/Framework2020.js HTTP/1.1" 404 -
127.0.0.1 - - [26/Feb/2021 12:38:23] code 404, message File not found
127.0.0.1 - - [26/Feb/2021 12:38:23] "GET /assets/lib/lessons/tipped.css HTTP/1.1" 404 -
127.0.0.1 - - [26/Feb/2021 12:38:23] code 404, message File not found
127.0.0.1 - - [26/Feb/2021 12:38:23] "GET /assets/lib/lessons/lessons.css HTTP/1.1" 404 -
127.0.0.1 - - [26/Feb/2021 12:38:23] code 404, message File not found
127.0.0.1 - - [26/Feb/2021 12:38:23] "GET /assets/lib/vocabulary.js HTTP/1.1" 404 -
127.0.0.1 - - [26/Feb/2021 12:38:23] code 404, message File not found
127.0.0.1 - - [26/Feb/2021 12:38:23] "GET /modules/assessment_tags/resources/grading_lib.js HTTP/1.1" 404 -
127.0.0.1 - - [26/Feb/2021 12:38:23] code 404, message File not found
127.0.0.1 - - [26/Feb/2021 12:38:23] "GET /assets/lib/vocabulary.js HTTP/1.1" 404 -
127.0.0.1 - - [26/Feb/2021 12:38:23] code 404, message File not found
127.0.0.1 - - [26/Feb/2021 12:38:23] "GET /modules/assessment_tags/resources/grading.js HTTP/1.1" 404 -
127.0.0.1 - - [26/Feb/2021 12:38:23] code 404, message File not found
127.0.0.1 - - [26/Feb/2021 12:38:23] "GET /modules/assessment_tags/resources/questions.css HTTP/1.1" 404 -
127.0.0.1 - - [26/Feb/2021 12:38:23] code 404, message File not found
127.0.0.1 - - [26/Feb/2021 12:38:23] "GET /Unit2-Intro-to-Mobile-Apps/assets/img/phoneIO.png HTTP/1.1" 404 -
127.0.0.1 - - [26/Feb/2021 12:38:23] code 404, message File not found
127.0.0.1 - - [26/Feb/2021 12:38:23] "GET /modules/assessment_tags/resources/grading_lib.js HTTP/1.1" 404 -
127.0.0.1 - - [26/Feb/2021 12:38:23] code 404, message File not found
127.0.0.1 - - [26/Feb/2021 12:38:23] "GET /modules/assessment_tags/resources/grading.js HTTP/1.1" 404 -
127.0.0.1 - - [26/Feb/2021 12:38:23] code 404, message File not found
127.0.0.1 - - [26/Feb/2021 12:38:23] "GET /modules/assessment_tags/resources/questions.css HTTP/1.1" 404 -
127.0.0.1 - - [26/Feb/2021 12:38:24] code 404, message File not found
127.0.0.1 - - [26/Feb/2021 12:38:24] "GET /modules/assessment_tags/resources/grading_lib.js HTTP/1.1" 404 -
127.0.0.1 - - [26/Feb/2021 12:38:24] code 404, message File not found
127.0.0.1 - - [26/Feb/2021 12:38:24] "GET /modules/assessment_tags/resources/grading.js HTTP/1.1" 404 -
127.0.0.1 - - [26/Feb/2021 12:38:24] code 404, message File not found
127.0.0.1 - - [26/Feb/2021 12:38:24] "GET /modules/assessment_tags/resources/questions.css HTTP/1.1" 404 -
127.0.0.1 - - [26/Feb/2021 12:38:24] code 404, message File not found
127.0.0.1 - - [26/Feb/2021 12:38:24] "GET /modules/assessment_tags/resources/grading_lib.js HTTP/1.1" 404 -
127.0.0.1 - - [26/Feb/2021 12:38:24] code 404, message File not found
127.0.0.1 - - [26/Feb/2021 12:38:24] "GET /modules/assessment_tags/resources/grading.js HTTP/1.1" 404 -
127.0.0.1 - - [26/Feb/2021 12:38:24] code 404, message File not found
127.0.0.1 - - [26/Feb/2021 12:38:24] "GET /modules/assessment_tags/resources/questions.css HTTP/1.1" 404 -
127.0.0.1 - - [26/Feb/2021 12:38:25] code 404, message File not found
127.0.0.1 - - [26/Feb/2021 12:38:25] "GET /modules/assessment_tags/resources/grading_lib.js HTTP/1.1" 404 -
127.0.0.1 - - [26/Feb/2021 12:38:25] code 404, message File not found
127.0.0.1 - - [26/Feb/2021 12:38:25] "GET /modules/assessment_tags/resources/grading.js HTTP/1.1" 404 -
127.0.0.1 - - [26/Feb/2021 12:38:25] code 404, message File not found
127.0.0.1 - - [26/Feb/2021 12:38:25] "GET /modules/assessment_tags/resources/questions.css HTTP/1.1" 404 -
127.0.0.1 - - [26/Feb/2021 12:38:25] code 404, message File not found
127.0.0.1 - - [26/Feb/2021 12:38:25] "GET /Unit2-Intro-to-Mobile-Apps/assets/img/not_started.png HTTP/1.1" 404 -
127.0.0.1 - - [26/Feb/2021 12:38:25] code 404, message File not found
127.0.0.1 - - [26/Feb/2021 12:38:25] "GET /modules/assessment_tags/resources/grading_lib.js HTTP/1.1" 404 -
127.0.0.1 - - [26/Feb/2021 12:38:26] code 404, message File not found
127.0.0.1 - - [26/Feb/2021 12:38:26] "GET /modules/assessment_tags/resources/grading.js HTTP/1.1" 404 -
127.0.0.1 - - [26/Feb/2021 12:38:26] code 404, message File not found
127.0.0.1 - - [26/Feb/2021 12:38:26] "GET /modules/assessment_tags/resources/questions.css HTTP/1.1" 404 -
127.0.0.1 - - [26/Feb/2021 12:38:26] code 404, message File not found
127.0.0.1 - - [26/Feb/2021 12:38:26] "GET /modules/assessment_tags/resources/grading_lib.js HTTP/1.1" 404 -
127.0.0.1 - - [26/Feb/2021 12:38:26] code 404, message File not found
127.0.0.1 - - [26/Feb/2021 12:38:26] "GET /modules/assessment_tags/resources/grading.js HTTP/1.1" 404 -
127.0.0.1 - - [26/Feb/2021 12:38:26] code 404, message File not found
127.0.0.1 - - [26/Feb/2021 12:38:26] "GET /modules/assessment_tags/resources/questions.css HTTP/1.1" 404 -
127.0.0.1 - - [26/Feb/2021 12:38:26] code 404, message File not found
127.0.0.1 - - [26/Feb/2021 12:38:26] "GET /modules/assessment_tags/resources/grading_lib.js HTTP/1.1" 404 -
127.0.0.1 - - [26/Feb/2021 12:38:26] code 404, message File not found
127.0.0.1 - - [26/Feb/2021 12:38:26] "GET /modules/assessment_tags/resources/grading.js HTTP/1.1" 404 -
127.0.0.1 - - [26/Feb/2021 12:38:27] code 404, message File not found
127.0.0.1 - - [26/Feb/2021 12:38:27] "GET /Unit2-Intro-to-Mobile-Apps/assets/lib/quizly/gcb-index60c4.html?backpack=hidden&selector=hidden&quizname=quiz_pause_the_player&hints=true&repeatable=false HTTP/1.1" 404 -
127.0.0.1 - - [26/Feb/2021 12:38:27] code 404, message File not found
127.0.0.1 - - [26/Feb/2021 12:38:27] "GET /runestone/ajax/set_tz_offset?timezoneoffset=5 HTTP/1.1" 404 -
127.0.0.1 - - [26/Feb/2021 12:38:27] code 404, message File not found
127.0.0.1 - - [26/Feb/2021 12:38:27] "GET /Unit2-Intro-to-Mobile-Apps/assets/lib/quizly/gcb-index535c.html?backpack=hidden&selector=hidden&quizname=quiz_button_click_stop_player&hints=true&repeatable=false HTTP/1.1" 404 -
127.0.0.1 - - [26/Feb/2021 12:38:27] code 404, message File not found
127.0.0.1 - - [26/Feb/2021 12:38:27] "GET /Unit2-Intro-to-Mobile-Apps/assets/img/not_started.png HTTP/1.1" 404 -
127.0.0.1 - - [26/Feb/2021 12:38:32] "GET /index.html HTTP/1.1" 200 -
127.0.0.1 - - [26/Feb/2021 12:38:32] "GET /_static/basic.css HTTP/1.1" 304 -
127.0.0.1 - - [26/Feb/2021 12:38:32] "GET /_static/pygments.css HTTP/1.1" 304 -
127.0.0.1 - - [26/Feb/2021 12:38:32] "GET /_static/bootstrap-sphinx.css HTTP/1.1" 304 -
127.0.0.1 - - [26/Feb/2021 12:38:32] "GET /_static/documentation_options.js HTTP/1.1" 304 -
127.0.0.1 - - [26/Feb/2021 12:38:32] "GET /_static/language_data.js HTTP/1.1" 304 -
127.0.0.1 - - [26/Feb/2021 12:38:33] code 404, message File not found
127.0.0.1 - - [26/Feb/2021 12:38:33] "GET /runestone/ajax/set_tz_offset?timezoneoffset=5 HTTP/1.1" 404 -
127.0.0.1 - - [26/Feb/2021 12:38:37] "GET /Unit2-Intro-to-Mobile-Apps/lesson-2-2-I-Have-a-Dream-Tutorial.html HTTP/1.1" 304 -
127.0.0.1 - - [26/Feb/2021 12:38:37] "GET /_static/basic.css HTTP/1.1" 304 -
127.0.0.1 - - [26/Feb/2021 12:38:37] "GET /_static/pygments.css HTTP/1.1" 304 -
127.0.0.1 - - [26/Feb/2021 12:38:37] "GET /_static/bootstrap-sphinx.css HTTP/1.1" 304 -
127.0.0.1 - - [26/Feb/2021 12:38:37] "GET /_static/documentation_options.js HTTP/1.1" 304 -
127.0.0.1 - - [26/Feb/2021 12:38:37] "GET /_static/language_data.js HTTP/1.1" 304 -
127.0.0.1 - - [26/Feb/2021 12:38:38] code 404, message File not found
127.0.0.1 - - [26/Feb/2021 12:38:38] "GET /assets/lib/lessons/tipped.js HTTP/1.1" 404 -
127.0.0.1 - - [26/Feb/2021 12:38:38] code 404, message File not found
127.0.0.1 - - [26/Feb/2021 12:38:38] "GET /assets/lib/Framework2020.js HTTP/1.1" 404 -
127.0.0.1 - - [26/Feb/2021 12:38:38] code 404, message File not found
127.0.0.1 - - [26/Feb/2021 12:38:38] "GET /assets/lib/lessons/tipped.css HTTP/1.1" 404 -
127.0.0.1 - - [26/Feb/2021 12:38:38] code 404, message File not found
127.0.0.1 - - [26/Feb/2021 12:38:38] "GET /assets/lib/lessons/lessons.css HTTP/1.1" 404 -
127.0.0.1 - - [26/Feb/2021 12:38:38] code 404, message File not found
127.0.0.1 - - [26/Feb/2021 12:38:38] "GET /assets/lib/vocabulary.js HTTP/1.1" 404 -
127.0.0.1 - - [26/Feb/2021 12:38:38] code 404, message File not found
127.0.0.1 - - [26/Feb/2021 12:38:38] "GET /modules/assessment_tags/resources/questions.css HTTP/1.1" 404 -
127.0.0.1 - - [26/Feb/2021 12:38:38] code 404, message File not found
127.0.0.1 - - [26/Feb/2021 12:38:38] "GET /modules/assessment_tags/resources/grading_lib.js HTTP/1.1" 404 -
127.0.0.1 - - [26/Feb/2021 12:38:38] code 404, message File not found
127.0.0.1 - - [26/Feb/2021 12:38:38] "GET /modules/assessment_tags/resources/grading.js HTTP/1.1" 404 -
127.0.0.1 - - [26/Feb/2021 12:38:38] code 404, message File not found
127.0.0.1 - - [26/Feb/2021 12:38:38] "GET /modules/assessment_tags/resources/questions.css HTTP/1.1" 404 -
127.0.0.1 - - [26/Feb/2021 12:38:38] code 404, message File not found
127.0.0.1 - - [26/Feb/2021 12:38:38] "GET /Unit2-Intro-to-Mobile-Apps/assets/img/phoneIO.png HTTP/1.1" 404 -
127.0.0.1 - - [26/Feb/2021 12:38:38] code 404, message File not found
127.0.0.1 - - [26/Feb/2021 12:38:38] "GET /modules/assessment_tags/resources/grading_lib.js HTTP/1.1" 404 -
127.0.0.1 - - [26/Feb/2021 12:38:38] code 404, message File not found
127.0.0.1 - - [26/Feb/2021 12:38:38] "GET /modules/assessment_tags/resources/grading.js HTTP/1.1" 404 -
127.0.0.1 - - [26/Feb/2021 12:38:38] code 404, message File not found
127.0.0.1 - - [26/Feb/2021 12:38:38] "GET /modules/assessment_tags/resources/questions.css HTTP/1.1" 404 -
127.0.0.1 - - [26/Feb/2021 12:38:38] code 404, message File not found
127.0.0.1 - - [26/Feb/2021 12:38:38] "GET /modules/assessment_tags/resources/grading_lib.js HTTP/1.1" 404 -
127.0.0.1 - - [26/Feb/2021 12:38:39] code 404, message File not found
127.0.0.1 - - [26/Feb/2021 12:38:39] "GET /modules/assessment_tags/resources/grading.js HTTP/1.1" 404 -
127.0.0.1 - - [26/Feb/2021 12:38:39] code 404, message File not found
127.0.0.1 - - [26/Feb/2021 12:38:39] "GET /modules/assessment_tags/resources/questions.css HTTP/1.1" 404 -
127.0.0.1 - - [26/Feb/2021 12:38:39] code 404, message File not found
127.0.0.1 - - [26/Feb/2021 12:38:39] "GET /modules/assessment_tags/resources/grading_lib.js HTTP/1.1" 404 -
127.0.0.1 - - [26/Feb/2021 12:38:39] code 404, message File not found
127.0.0.1 - - [26/Feb/2021 12:38:39] "GET /modules/assessment_tags/resources/grading.js HTTP/1.1" 404 -
127.0.0.1 - - [26/Feb/2021 12:38:39] code 404, message File not found
127.0.0.1 - - [26/Feb/2021 12:38:39] "GET /modules/assessment_tags/resources/questions.css HTTP/1.1" 404 -
127.0.0.1 - - [26/Feb/2021 12:38:39] code 404, message File not found
127.0.0.1 - - [26/Feb/2021 12:38:39] "GET /modules/assessment_tags/resources/grading_lib.js HTTP/1.1" 404 -
127.0.0.1 - - [26/Feb/2021 12:38:39] code 404, message File not found
127.0.0.1 - - [26/Feb/2021 12:38:39] "GET /modules/assessment_tags/resources/grading.js HTTP/1.1" 404 -
127.0.0.1 - - [26/Feb/2021 12:38:39] code 404, message File not found
127.0.0.1 - - [26/Feb/2021 12:38:39] "GET /modules/assessment_tags/resources/questions.css HTTP/1.1" 404 -
127.0.0.1 - - [26/Feb/2021 12:38:39] code 404, message File not found
127.0.0.1 - - [26/Feb/2021 12:38:39] "GET /modules/assessment_tags/resources/grading_lib.js HTTP/1.1" 404 -
127.0.0.1 - - [26/Feb/2021 12:38:40] code 404, message File not found
127.0.0.1 - - [26/Feb/2021 12:38:40] "GET /modules/assessment_tags/resources/grading.js HTTP/1.1" 404 -
127.0.0.1 - - [26/Feb/2021 12:38:40] code 404, message File not found
127.0.0.1 - - [26/Feb/2021 12:38:40] "GET /modules/assessment_tags/resources/questions.css HTTP/1.1" 404 -
127.0.0.1 - - [26/Feb/2021 12:38:40] code 404, message File not found
127.0.0.1 - - [26/Feb/2021 12:38:40] "GET /Unit2-Intro-to-Mobile-Apps/assets/img/not_started.png HTTP/1.1" 404 -
127.0.0.1 - - [26/Feb/2021 12:38:40] code 404, message File not found
127.0.0.1 - - [26/Feb/2021 12:38:40] "GET /modules/assessment_tags/resources/grading_lib.js HTTP/1.1" 404 -
127.0.0.1 - - [26/Feb/2021 12:38:40] code 404, message File not found
127.0.0.1 - - [26/Feb/2021 12:38:40] "GET /modules/assessment_tags/resources/grading.js HTTP/1.1" 404 -
127.0.0.1 - - [26/Feb/2021 12:38:40] code 404, message File not found
127.0.0.1 - - [26/Feb/2021 12:38:40] "GET /Unit2-Intro-to-Mobile-Apps/assets/lib/quizly/gcb-index60c4.html?backpack=hidden&selector=hidden&quizname=quiz_pause_the_player&hints=true&repeatable=false HTTP/1.1" 404 -
127.0.0.1 - - [26/Feb/2021 12:38:40] code 404, message File not found
127.0.0.1 - - [26/Feb/2021 12:38:40] "GET /runestone/ajax/set_tz_offset?timezoneoffset=5 HTTP/1.1" 404 -
127.0.0.1 - - [26/Feb/2021 12:38:40] code 404, message File not found
127.0.0.1 - - [26/Feb/2021 12:38:40] "GET /Unit2-Intro-to-Mobile-Apps/assets/lib/quizly/gcb-index535c.html?backpack=hidden&selector=hidden&quizname=quiz_button_click_stop_player&hints=true&repeatable=false HTTP/1.1" 404 -
127.0.0.1 - - [26/Feb/2021 12:38:40] code 404, message File not found
127.0.0.1 - - [26/Feb/2021 12:38:40] "GET /Unit2-Intro-to-Mobile-Apps/assets/img/not_started.png HTTP/1.1" 404 -
127.0.0.1 - - [26/Feb/2021 12:40:36] "GET /_static/basic.css HTTP/1.1" 304 -
127.0.0.1 - - [26/Feb/2021 12:40:36] "GET /_static/pygments.css HTTP/1.1" 304 -
127.0.0.1 - - [26/Feb/2021 12:40:36] code 404, message File not found
127.0.0.1 - - [26/Feb/2021 12:40:36] "GET /runestone/ajax/set_tz_offset?timezoneoffset=5 HTTP/1.1" 404 -
127.0.0.1 - - [26/Feb/2021 12:40:36] "GET /_static/bootstrap-sphinx.css HTTP/1.1" 304 -
127.0.0.1 - - [26/Feb/2021 12:40:36] code 404, message File not found
127.0.0.1 - - [26/Feb/2021 12:40:36] "GET /assets/lib/lessons/tipped.css HTTP/1.1" 404 -
127.0.0.1 - - [26/Feb/2021 12:40:36] code 404, message File not found
127.0.0.1 - - [26/Feb/2021 12:40:36] "GET /assets/lib/lessons/lessons.css HTTP/1.1" 404 -
127.0.0.1 - - [26/Feb/2021 12:40:36] code 404, message File not found
127.0.0.1 - - [26/Feb/2021 12:40:36] "GET /modules/assessment_tags/resources/questions.css HTTP/1.1" 404 -
127.0.0.1 - - [26/Feb/2021 12:40:37] "GET /_static/bootstrap-3.4.1/css/bootstrap.min.css.map HTTP/1.1" 200 -
127.0.0.1 - - [26/Feb/2021 12:41:09] code 404, message File not found
127.0.0.1 - - [26/Feb/2021 12:41:09] "GET /assets/lib/Framework2020.js HTTP/1.1" 404 -
127.0.0.1 - - [26/Feb/2021 12:41:16] code 404, message File not found
127.0.0.1 - - [26/Feb/2021 12:41:16] "GET /assets/ HTTP/1.1" 404 -

Aborted!

Aborted!
127.0.0.1 - - [26/Feb/2021 12:49:31] "GET /Unit2-Intro-to-Mobile-Apps/lesson-2-2-I-Have-a-Dream-Tutorial.html HTTP/1.1" 200 -
127.0.0.1 - - [26/Feb/2021 12:49:31] "GET /_static/basic.css HTTP/1.1" 200 -
127.0.0.1 - - [26/Feb/2021 12:49:31] "GET /_static/pygments.css HTTP/1.1" 200 -
127.0.0.1 - - [26/Feb/2021 12:49:31] "GET /_static/bootstrap-sphinx.css HTTP/1.1" 200 -
127.0.0.1 - - [26/Feb/2021 12:49:31] "GET /_static/documentation_options.js HTTP/1.1" 200 -
127.0.0.1 - - [26/Feb/2021 12:49:31] "GET /_static/language_data.js HTTP/1.1" 200 -
127.0.0.1 - - [26/Feb/2021 12:49:32] code 404, message File not found
127.0.0.1 - - [26/Feb/2021 12:49:32] "GET /assets/lib/lessons/tipped.js HTTP/1.1" 404 -
127.0.0.1 - - [26/Feb/2021 12:49:32] code 404, message File not found
127.0.0.1 - - [26/Feb/2021 12:49:32] "GET /assets/lib/Framework2020.js HTTP/1.1" 404 -
127.0.0.1 - - [26/Feb/2021 12:49:32] code 404, message File not found
127.0.0.1 - - [26/Feb/2021 12:49:32] "GET /assets/lib/lessons/tipped.css HTTP/1.1" 404 -
127.0.0.1 - - [26/Feb/2021 12:49:32] code 404, message File not found
127.0.0.1 - - [26/Feb/2021 12:49:32] "GET /assets/lib/lessons/tipped.js HTTP/1.1" 404 -
127.0.0.1 - - [26/Feb/2021 12:49:32] code 404, message File not found
127.0.0.1 - - [26/Feb/2021 12:49:32] "GET /assets/lib/Framework2020.js HTTP/1.1" 404 -
127.0.0.1 - - [26/Feb/2021 12:49:32] code 404, message File not found
127.0.0.1 - - [26/Feb/2021 12:49:32] "GET /assets/lib/lessons/lessons.css HTTP/1.1" 404 -
127.0.0.1 - - [26/Feb/2021 12:49:32] code 404, message File not found
127.0.0.1 - - [26/Feb/2021 12:49:32] "GET /assets/lib/vocabulary.js HTTP/1.1" 404 -
127.0.0.1 - - [26/Feb/2021 12:49:32] code 404, message File not found
127.0.0.1 - - [26/Feb/2021 12:49:32] "GET /modules/assessment_tags/resources/questions.css HTTP/1.1" 404 -
127.0.0.1 - - [26/Feb/2021 12:49:32] code 404, message File not found
127.0.0.1 - - [26/Feb/2021 12:49:32] "GET /assets/lib/lessons/tipped.css HTTP/1.1" 404 -
127.0.0.1 - - [26/Feb/2021 12:49:33] code 404, message File not found
127.0.0.1 - - [26/Feb/2021 12:49:33] "GET /assets/lib/lessons/lessons.css HTTP/1.1" 404 -
127.0.0.1 - - [26/Feb/2021 12:49:33] code 404, message File not found
127.0.0.1 - - [26/Feb/2021 12:49:33] "GET /assets/lib/vocabulary.js HTTP/1.1" 404 -
127.0.0.1 - - [26/Feb/2021 12:49:33] code 404, message File not found
127.0.0.1 - - [26/Feb/2021 12:49:33] "GET /modules/assessment_tags/resources/grading_lib.js HTTP/1.1" 404 -
127.0.0.1 - - [26/Feb/2021 12:49:33] code 404, message File not found
127.0.0.1 - - [26/Feb/2021 12:49:33] "GET /modules/assessment_tags/resources/grading.js HTTP/1.1" 404 -
127.0.0.1 - - [26/Feb/2021 12:49:33] "GET /_static/assets/img/phoneIO.png HTTP/1.1" 200 -
127.0.0.1 - - [26/Feb/2021 12:49:33] "GET /_static/assets/img/not_started.png HTTP/1.1" 200 -
127.0.0.1 - - [26/Feb/2021 12:49:33] code 404, message File not found
127.0.0.1 - - [26/Feb/2021 12:49:33] "GET /modules/assessment_tags/resources/questions.css HTTP/1.1" 404 -
127.0.0.1 - - [26/Feb/2021 12:49:33] code 404, message File not found
127.0.0.1 - - [26/Feb/2021 12:49:33] "GET /modules/assessment_tags/resources/grading_lib.js HTTP/1.1" 404 -
127.0.0.1 - - [26/Feb/2021 12:49:33] code 404, message File not found
127.0.0.1 - - [26/Feb/2021 12:49:33] "GET /modules/assessment_tags/resources/grading.js HTTP/1.1" 404 -
127.0.0.1 - - [26/Feb/2021 12:49:33] code 404, message File not found
127.0.0.1 - - [26/Feb/2021 12:49:33] "GET /modules/assessment_tags/resources/questions.css HTTP/1.1" 404 -
127.0.0.1 - - [26/Feb/2021 12:49:34] code 404, message File not found
127.0.0.1 - - [26/Feb/2021 12:49:34] "GET /modules/assessment_tags/resources/grading_lib.js HTTP/1.1" 404 -
127.0.0.1 - - [26/Feb/2021 12:49:34] code 404, message File not found
127.0.0.1 - - [26/Feb/2021 12:49:34] "GET /modules/assessment_tags/resources/grading.js HTTP/1.1" 404 -
127.0.0.1 - - [26/Feb/2021 12:49:34] code 404, message File not found
127.0.0.1 - - [26/Feb/2021 12:49:34] "GET /modules/assessment_tags/resources/questions.css HTTP/1.1" 404 -
127.0.0.1 - - [26/Feb/2021 12:49:34] code 404, message File not found
127.0.0.1 - - [26/Feb/2021 12:49:34] "GET /modules/assessment_tags/resources/grading_lib.js HTTP/1.1" 404 -
127.0.0.1 - - [26/Feb/2021 12:49:34] code 404, message File not found
127.0.0.1 - - [26/Feb/2021 12:49:34] "GET /modules/assessment_tags/resources/grading.js HTTP/1.1" 404 -
127.0.0.1 - - [26/Feb/2021 12:49:34] code 404, message File not found
127.0.0.1 - - [26/Feb/2021 12:49:34] "GET /modules/assessment_tags/resources/questions.css HTTP/1.1" 404 -
127.0.0.1 - - [26/Feb/2021 12:49:35] code 404, message File not found
127.0.0.1 - - [26/Feb/2021 12:49:35] "GET /modules/assessment_tags/resources/grading_lib.js HTTP/1.1" 404 -
127.0.0.1 - - [26/Feb/2021 12:49:35] code 404, message File not found
127.0.0.1 - - [26/Feb/2021 12:49:35] "GET /modules/assessment_tags/resources/grading.js HTTP/1.1" 404 -
127.0.0.1 - - [26/Feb/2021 12:49:35] code 404, message File not found
127.0.0.1 - - [26/Feb/2021 12:49:35] "GET /modules/assessment_tags/resources/questions.css HTTP/1.1" 404 -
127.0.0.1 - - [26/Feb/2021 12:49:35] code 404, message File not found
127.0.0.1 - - [26/Feb/2021 12:49:35] "GET /modules/assessment_tags/resources/grading_lib.js HTTP/1.1" 404 -
127.0.0.1 - - [26/Feb/2021 12:49:35] code 404, message File not found
127.0.0.1 - - [26/Feb/2021 12:49:35] "GET /modules/assessment_tags/resources/grading.js HTTP/1.1" 404 -
127.0.0.1 - - [26/Feb/2021 12:49:35] code 404, message File not found
127.0.0.1 - - [26/Feb/2021 12:49:35] "GET /modules/assessment_tags/resources/questions.css HTTP/1.1" 404 -
127.0.0.1 - - [26/Feb/2021 12:49:35] code 404, message File not found
127.0.0.1 - - [26/Feb/2021 12:49:35] "GET /modules/assessment_tags/resources/grading_lib.js HTTP/1.1" 404 -
127.0.0.1 - - [26/Feb/2021 12:49:35] code 404, message File not found
127.0.0.1 - - [26/Feb/2021 12:49:35] "GET /modules/assessment_tags/resources/grading.js HTTP/1.1" 404 -
127.0.0.1 - - [26/Feb/2021 12:49:36] code 404, message File not found
127.0.0.1 - - [26/Feb/2021 12:49:36] "GET /modules/assessment_tags/resources/questions.css HTTP/1.1" 404 -
127.0.0.1 - - [26/Feb/2021 12:49:36] code 404, message File not found
127.0.0.1 - - [26/Feb/2021 12:49:36] "GET /modules/assessment_tags/resources/grading_lib.js HTTP/1.1" 404 -
127.0.0.1 - - [26/Feb/2021 12:49:36] code 404, message File not found
127.0.0.1 - - [26/Feb/2021 12:49:36] "GET /modules/assessment_tags/resources/grading.js HTTP/1.1" 404 -
127.0.0.1 - - [26/Feb/2021 12:49:36] code 404, message File not found
127.0.0.1 - - [26/Feb/2021 12:49:36] "GET /Unit2-Intro-to-Mobile-Apps/assets/lib/quizly/gcb-index60c4.html?backpack=hidden&selector=hidden&quizname=quiz_pause_the_player&hints=true&repeatable=false HTTP/1.1" 404 -
127.0.0.1 - - [26/Feb/2021 12:49:36] code 404, message File not found
127.0.0.1 - - [26/Feb/2021 12:49:36] "GET /runestone/ajax/set_tz_offset?timezoneoffset=5 HTTP/1.1" 404 -
127.0.0.1 - - [26/Feb/2021 12:49:36] code 404, message File not found
127.0.0.1 - - [26/Feb/2021 12:49:36] "GET /Unit2-Intro-to-Mobile-Apps/assets/lib/quizly/gcb-index535c.html?backpack=hidden&selector=hidden&quizname=quiz_button_click_stop_player&hints=true&repeatable=false HTTP/1.1" 404 -
127.0.0.1 - - [26/Feb/2021 12:49:36] "GET /_static/bootstrap-3.4.1/css/bootstrap.min.css.map HTTP/1.1" 200 -

Aborted!

Aborted!
127.0.0.1 - - [26/Feb/2021 13:04:03] "GET /Unit2-Intro-to-Mobile-Apps/lesson-2-2-I-Have-a-Dream-Tutorial.html HTTP/1.1" 200 -
127.0.0.1 - - [26/Feb/2021 13:04:03] "GET /_static/basic.css HTTP/1.1" 200 -
127.0.0.1 - - [26/Feb/2021 13:04:03] "GET /_static/pygments.css HTTP/1.1" 200 -
127.0.0.1 - - [26/Feb/2021 13:04:03] "GET /_static/bootstrap-sphinx.css HTTP/1.1" 200 -
127.0.0.1 - - [26/Feb/2021 13:04:03] "GET /_static/documentation_options.js HTTP/1.1" 200 -
127.0.0.1 - - [26/Feb/2021 13:04:03] "GET /_static/language_data.js HTTP/1.1" 200 -
127.0.0.1 - - [26/Feb/2021 13:04:03] "GET /_static/assets/lib/lessons/tipped.js HTTP/1.1" 200 -
127.0.0.1 - - [26/Feb/2021 13:04:03] "GET /_static/assets/lib/Framework2020.js HTTP/1.1" 200 -
127.0.0.1 - - [26/Feb/2021 13:04:03] "GET /_static/assets/lib/lessons/tipped.css HTTP/1.1" 200 -
127.0.0.1 - - [26/Feb/2021 13:04:04] "GET /_static/assets/lib/lessons/lessons.css HTTP/1.1" 200 -
127.0.0.1 - - [26/Feb/2021 13:04:04] "GET /_static/assets/lib/vocabulary.js HTTP/1.1" 200 -
127.0.0.1 - - [26/Feb/2021 13:04:04] code 404, message File not found
127.0.0.1 - - [26/Feb/2021 13:04:04] "GET /modules/assessment_tags/resources/questions.css HTTP/1.1" 404 -
127.0.0.1 - - [26/Feb/2021 13:04:04] code 404, message File not found
127.0.0.1 - - [26/Feb/2021 13:04:04] "GET /modules/assessment_tags/resources/grading_lib.js HTTP/1.1" 404 -
127.0.0.1 - - [26/Feb/2021 13:04:04] code 404, message File not found
127.0.0.1 - - [26/Feb/2021 13:04:04] "GET /modules/assessment_tags/resources/grading.js HTTP/1.1" 404 -
127.0.0.1 - - [26/Feb/2021 13:04:04] code 404, message File not found
127.0.0.1 - - [26/Feb/2021 13:04:04] "GET /modules/assessment_tags/resources/questions.css HTTP/1.1" 404 -
127.0.0.1 - - [26/Feb/2021 13:04:04] "GET /_static/assets/img/time.png HTTP/1.1" 200 -
127.0.0.1 - - [26/Feb/2021 13:04:04] "GET /_static/assets/img/summary.png HTTP/1.1" 200 -
127.0.0.1 - - [26/Feb/2021 13:04:04] "GET /_static/assets/img/target.png HTTP/1.1" 200 -
127.0.0.1 - - [26/Feb/2021 13:04:04] code 404, message File not found
127.0.0.1 - - [26/Feb/2021 13:04:04] "GET /modules/assessment_tags/resources/grading_lib.js HTTP/1.1" 404 -
127.0.0.1 - - [26/Feb/2021 13:04:04] code 404, message File not found
127.0.0.1 - - [26/Feb/2021 13:04:04] "GET /modules/assessment_tags/resources/grading.js HTTP/1.1" 404 -
127.0.0.1 - - [26/Feb/2021 13:04:04] code 404, message File not found
127.0.0.1 - - [26/Feb/2021 13:04:04] "GET /modules/assessment_tags/resources/questions.css HTTP/1.1" 404 -
127.0.0.1 - - [26/Feb/2021 13:04:04] code 404, message File not found
127.0.0.1 - - [26/Feb/2021 13:04:04] "GET /modules/assessment_tags/resources/grading_lib.js HTTP/1.1" 404 -
127.0.0.1 - - [26/Feb/2021 13:04:05] code 404, message File not found
127.0.0.1 - - [26/Feb/2021 13:04:05] "GET /modules/assessment_tags/resources/grading.js HTTP/1.1" 404 -
127.0.0.1 - - [26/Feb/2021 13:04:05] code 404, message File not found
127.0.0.1 - - [26/Feb/2021 13:04:05] "GET /modules/assessment_tags/resources/questions.css HTTP/1.1" 404 -
127.0.0.1 - - [26/Feb/2021 13:04:05] code 404, message File not found
127.0.0.1 - - [26/Feb/2021 13:04:05] "GET /modules/assessment_tags/resources/grading_lib.js HTTP/1.1" 404 -
127.0.0.1 - - [26/Feb/2021 13:04:05] code 404, message File not found
127.0.0.1 - - [26/Feb/2021 13:04:05] "GET /modules/assessment_tags/resources/grading.js HTTP/1.1" 404 -
127.0.0.1 - - [26/Feb/2021 13:04:05] code 404, message File not found
127.0.0.1 - - [26/Feb/2021 13:04:05] "GET /modules/assessment_tags/resources/questions.css HTTP/1.1" 404 -
127.0.0.1 - - [26/Feb/2021 13:04:05] code 404, message File not found
127.0.0.1 - - [26/Feb/2021 13:04:05] "GET /modules/assessment_tags/resources/grading_lib.js HTTP/1.1" 404 -
127.0.0.1 - - [26/Feb/2021 13:04:06] code 404, message File not found
127.0.0.1 - - [26/Feb/2021 13:04:06] "GET /modules/assessment_tags/resources/grading.js HTTP/1.1" 404 -
127.0.0.1 - - [26/Feb/2021 13:04:06] code 404, message File not found
127.0.0.1 - - [26/Feb/2021 13:04:06] "GET /modules/assessment_tags/resources/questions.css HTTP/1.1" 404 -
127.0.0.1 - - [26/Feb/2021 13:04:06] code 404, message File not found
127.0.0.1 - - [26/Feb/2021 13:04:06] "GET /modules/assessment_tags/resources/grading_lib.js HTTP/1.1" 404 -
127.0.0.1 - - [26/Feb/2021 13:04:06] code 404, message File not found
127.0.0.1 - - [26/Feb/2021 13:04:06] "GET /modules/assessment_tags/resources/grading.js HTTP/1.1" 404 -
127.0.0.1 - - [26/Feb/2021 13:04:06] code 404, message File not found
127.0.0.1 - - [26/Feb/2021 13:04:06] "GET /modules/assessment_tags/resources/questions.css HTTP/1.1" 404 -
127.0.0.1 - - [26/Feb/2021 13:04:06] code 404, message File not found
127.0.0.1 - - [26/Feb/2021 13:04:06] "GET /modules/assessment_tags/resources/grading_lib.js HTTP/1.1" 404 -
127.0.0.1 - - [26/Feb/2021 13:04:07] code 404, message File not found
127.0.0.1 - - [26/Feb/2021 13:04:07] "GET /modules/assessment_tags/resources/grading.js HTTP/1.1" 404 -
127.0.0.1 - - [26/Feb/2021 13:04:07] code 404, message File not found
127.0.0.1 - - [26/Feb/2021 13:04:07] "GET /modules/assessment_tags/resources/questions.css HTTP/1.1" 404 -
127.0.0.1 - - [26/Feb/2021 13:04:07] code 404, message File not found
127.0.0.1 - - [26/Feb/2021 13:04:07] "GET /modules/assessment_tags/resources/grading_lib.js HTTP/1.1" 404 -
127.0.0.1 - - [26/Feb/2021 13:04:07] code 404, message File not found
127.0.0.1 - - [26/Feb/2021 13:04:07] "GET /modules/assessment_tags/resources/grading.js HTTP/1.1" 404 -
127.0.0.1 - - [26/Feb/2021 13:04:07] code 404, message File not found
127.0.0.1 - - [26/Feb/2021 13:04:07] "GET /runestone/ajax/set_tz_offset?timezoneoffset=5 HTTP/1.1" 404 -
127.0.0.1 - - [26/Feb/2021 13:04:07] code 404, message File not found
127.0.0.1 - - [26/Feb/2021 13:04:07] "GET /Unit2-Intro-to-Mobile-Apps/assets/lib/quizly/gcb-index60c4.html?backpack=hidden&selector=hidden&quizname=quiz_pause_the_player&hints=true&repeatable=false HTTP/1.1" 404 -
127.0.0.1 - - [26/Feb/2021 13:04:07] code 404, message File not found
127.0.0.1 - - [26/Feb/2021 13:04:07] "GET /Unit2-Intro-to-Mobile-Apps/assets/lib/quizly/gcb-index535c.html?backpack=hidden&selector=hidden&quizname=quiz_button_click_stop_player&hints=true&repeatable=false HTTP/1.1" 404 -
127.0.0.1 - - [26/Feb/2021 13:05:00] "GET /Unit2-Intro-to-Mobile-Apps/lesson-2-2-I-Have-a-Dream-Tutorial.html HTTP/1.1" 304 -
127.0.0.1 - - [26/Feb/2021 13:05:00] "GET /_static/basic.css HTTP/1.1" 304 -
127.0.0.1 - - [26/Feb/2021 13:05:00] "GET /_static/pygments.css HTTP/1.1" 304 -
127.0.0.1 - - [26/Feb/2021 13:05:00] "GET /_static/bootstrap-sphinx.css HTTP/1.1" 304 -
127.0.0.1 - - [26/Feb/2021 13:05:00] "GET /_static/documentation_options.js HTTP/1.1" 304 -
127.0.0.1 - - [26/Feb/2021 13:05:00] "GET /_static/language_data.js HTTP/1.1" 304 -
127.0.0.1 - - [26/Feb/2021 13:05:01] code 404, message File not found
127.0.0.1 - - [26/Feb/2021 13:05:01] "GET /modules/assessment_tags/resources/questions.css HTTP/1.1" 404 -
127.0.0.1 - - [26/Feb/2021 13:05:01] code 404, message File not found
127.0.0.1 - - [26/Feb/2021 13:05:01] "GET /modules/assessment_tags/resources/grading_lib.js HTTP/1.1" 404 -
127.0.0.1 - - [26/Feb/2021 13:05:01] code 404, message File not found
127.0.0.1 - - [26/Feb/2021 13:05:01] "GET /modules/assessment_tags/resources/grading.js HTTP/1.1" 404 -
127.0.0.1 - - [26/Feb/2021 13:05:01] code 404, message File not found
127.0.0.1 - - [26/Feb/2021 13:05:01] "GET /modules/assessment_tags/resources/questions.css HTTP/1.1" 404 -
127.0.0.1 - - [26/Feb/2021 13:05:01] code 404, message File not found
127.0.0.1 - - [26/Feb/2021 13:05:01] "GET /modules/assessment_tags/resources/grading_lib.js HTTP/1.1" 404 -
127.0.0.1 - - [26/Feb/2021 13:05:01] code 404, message File not found
127.0.0.1 - - [26/Feb/2021 13:05:01] "GET /modules/assessment_tags/resources/grading.js HTTP/1.1" 404 -
127.0.0.1 - - [26/Feb/2021 13:05:01] code 404, message File not found
127.0.0.1 - - [26/Feb/2021 13:05:01] "GET /modules/assessment_tags/resources/questions.css HTTP/1.1" 404 -
127.0.0.1 - - [26/Feb/2021 13:05:02] code 404, message File not found
127.0.0.1 - - [26/Feb/2021 13:05:02] "GET /modules/assessment_tags/resources/grading_lib.js HTTP/1.1" 404 -
127.0.0.1 - - [26/Feb/2021 13:05:02] code 404, message File not found
127.0.0.1 - - [26/Feb/2021 13:05:02] "GET /modules/assessment_tags/resources/grading.js HTTP/1.1" 404 -
127.0.0.1 - - [26/Feb/2021 13:05:02] code 404, message File not found
127.0.0.1 - - [26/Feb/2021 13:05:02] "GET /modules/assessment_tags/resources/questions.css HTTP/1.1" 404 -
127.0.0.1 - - [26/Feb/2021 13:05:02] code 404, message File not found
127.0.0.1 - - [26/Feb/2021 13:05:02] "GET /modules/assessment_tags/resources/grading_lib.js HTTP/1.1" 404 -
127.0.0.1 - - [26/Feb/2021 13:05:02] code 404, message File not found
127.0.0.1 - - [26/Feb/2021 13:05:02] "GET /modules/assessment_tags/resources/grading.js HTTP/1.1" 404 -
127.0.0.1 - - [26/Feb/2021 13:05:02] code 404, message File not found
127.0.0.1 - - [26/Feb/2021 13:05:02] "GET /modules/assessment_tags/resources/questions.css HTTP/1.1" 404 -
127.0.0.1 - - [26/Feb/2021 13:05:03] code 404, message File not found
127.0.0.1 - - [26/Feb/2021 13:05:03] "GET /modules/assessment_tags/resources/grading_lib.js HTTP/1.1" 404 -
127.0.0.1 - - [26/Feb/2021 13:05:03] code 404, message File not found
127.0.0.1 - - [26/Feb/2021 13:05:03] "GET /modules/assessment_tags/resources/grading.js HTTP/1.1" 404 -
127.0.0.1 - - [26/Feb/2021 13:05:03] code 404, message File not found
127.0.0.1 - - [26/Feb/2021 13:05:03] "GET /modules/assessment_tags/resources/questions.css HTTP/1.1" 404 -
127.0.0.1 - - [26/Feb/2021 13:05:03] code 404, message File not found
127.0.0.1 - - [26/Feb/2021 13:05:03] "GET /modules/assessment_tags/resources/grading_lib.js HTTP/1.1" 404 -
127.0.0.1 - - [26/Feb/2021 13:05:03] code 404, message File not found
127.0.0.1 - - [26/Feb/2021 13:05:03] "GET /modules/assessment_tags/resources/grading.js HTTP/1.1" 404 -
127.0.0.1 - - [26/Feb/2021 13:05:03] code 404, message File not found
127.0.0.1 - - [26/Feb/2021 13:05:03] "GET /modules/assessment_tags/resources/questions.css HTTP/1.1" 404 -
127.0.0.1 - - [26/Feb/2021 13:05:03] code 404, message File not found
127.0.0.1 - - [26/Feb/2021 13:05:03] "GET /modules/assessment_tags/resources/grading_lib.js HTTP/1.1" 404 -
127.0.0.1 - - [26/Feb/2021 13:05:04] code 404, message File not found
127.0.0.1 - - [26/Feb/2021 13:05:04] "GET /modules/assessment_tags/resources/grading.js HTTP/1.1" 404 -
127.0.0.1 - - [26/Feb/2021 13:05:04] code 404, message File not found
127.0.0.1 - - [26/Feb/2021 13:05:04] "GET /runestone/ajax/set_tz_offset?timezoneoffset=5 HTTP/1.1" 404 -
127.0.0.1 - - [26/Feb/2021 13:05:04] code 404, message File not found
127.0.0.1 - - [26/Feb/2021 13:05:04] "GET /Unit2-Intro-to-Mobile-Apps/assets/lib/quizly/gcb-index60c4.html?backpack=hidden&selector=hidden&quizname=quiz_pause_the_player&hints=true&repeatable=false HTTP/1.1" 404 -
127.0.0.1 - - [26/Feb/2021 13:05:04] code 404, message File not found
127.0.0.1 - - [26/Feb/2021 13:05:04] "GET /Unit2-Intro-to-Mobile-Apps/assets/lib/quizly/gcb-index535c.html?backpack=hidden&selector=hidden&quizname=quiz_button_click_stop_player&hints=true&repeatable=false HTTP/1.1" 404 -

Aborted!
127.0.0.1 - - [26/Feb/2021 13:21:18] "GET /Unit2-Intro-to-Mobile-Apps/lesson-2-2-I-Have-a-Dream-Tutorial.html HTTP/1.1" 200 -
127.0.0.1 - - [26/Feb/2021 13:21:19] "GET /_static/basic.css HTTP/1.1" 200 -
127.0.0.1 - - [26/Feb/2021 13:21:19] "GET /_static/pygments.css HTTP/1.1" 200 -
127.0.0.1 - - [26/Feb/2021 13:21:19] "GET /_static/bootstrap-sphinx.css HTTP/1.1" 200 -
127.0.0.1 - - [26/Feb/2021 13:21:19] "GET /_static/documentation_options.js HTTP/1.1" 200 -
127.0.0.1 - - [26/Feb/2021 13:21:19] "GET /_static/language_data.js HTTP/1.1" 200 -
127.0.0.1 - - [26/Feb/2021 13:21:20] code 404, message File not found
127.0.0.1 - - [26/Feb/2021 13:21:20] "GET /modules/assessment_tags/resources/questions.css HTTP/1.1" 404 -
127.0.0.1 - - [26/Feb/2021 13:21:20] code 404, message File not found
127.0.0.1 - - [26/Feb/2021 13:21:20] "GET /modules/assessment_tags/resources/grading_lib.js HTTP/1.1" 404 -
127.0.0.1 - - [26/Feb/2021 13:21:20] code 404, message File not found
127.0.0.1 - - [26/Feb/2021 13:21:20] "GET /modules/assessment_tags/resources/grading.js HTTP/1.1" 404 -
127.0.0.1 - - [26/Feb/2021 13:21:20] code 404, message File not found
127.0.0.1 - - [26/Feb/2021 13:21:20] "GET /modules/assessment_tags/resources/questions.css HTTP/1.1" 404 -
127.0.0.1 - - [26/Feb/2021 13:21:20] code 404, message File not found
127.0.0.1 - - [26/Feb/2021 13:21:20] "GET /modules/assessment_tags/resources/grading_lib.js HTTP/1.1" 404 -
127.0.0.1 - - [26/Feb/2021 13:21:20] code 404, message File not found
127.0.0.1 - - [26/Feb/2021 13:21:20] "GET /modules/assessment_tags/resources/grading.js HTTP/1.1" 404 -
127.0.0.1 - - [26/Feb/2021 13:21:21] code 404, message File not found
127.0.0.1 - - [26/Feb/2021 13:21:21] "GET /modules/assessment_tags/resources/questions.css HTTP/1.1" 404 -
127.0.0.1 - - [26/Feb/2021 13:21:21] code 404, message File not found
127.0.0.1 - - [26/Feb/2021 13:21:21] "GET /modules/assessment_tags/resources/grading_lib.js HTTP/1.1" 404 -
127.0.0.1 - - [26/Feb/2021 13:21:21] code 404, message File not found
127.0.0.1 - - [26/Feb/2021 13:21:21] "GET /modules/assessment_tags/resources/grading.js HTTP/1.1" 404 -
127.0.0.1 - - [26/Feb/2021 13:21:21] code 404, message File not found
127.0.0.1 - - [26/Feb/2021 13:21:21] "GET /modules/assessment_tags/resources/questions.css HTTP/1.1" 404 -
127.0.0.1 - - [26/Feb/2021 13:21:21] code 404, message File not found
127.0.0.1 - - [26/Feb/2021 13:21:21] "GET /modules/assessment_tags/resources/grading_lib.js HTTP/1.1" 404 -
127.0.0.1 - - [26/Feb/2021 13:21:21] code 404, message File not found
127.0.0.1 - - [26/Feb/2021 13:21:21] "GET /modules/assessment_tags/resources/grading.js HTTP/1.1" 404 -
127.0.0.1 - - [26/Feb/2021 13:21:21] code 404, message File not found
127.0.0.1 - - [26/Feb/2021 13:21:21] "GET /modules/assessment_tags/resources/questions.css HTTP/1.1" 404 -
127.0.0.1 - - [26/Feb/2021 13:21:22] code 404, message File not found
127.0.0.1 - - [26/Feb/2021 13:21:22] "GET /modules/assessment_tags/resources/grading_lib.js HTTP/1.1" 404 -
127.0.0.1 - - [26/Feb/2021 13:21:22] code 404, message File not found
127.0.0.1 - - [26/Feb/2021 13:21:22] "GET /modules/assessment_tags/resources/grading.js HTTP/1.1" 404 -
127.0.0.1 - - [26/Feb/2021 13:21:22] code 404, message File not found
127.0.0.1 - - [26/Feb/2021 13:21:22] "GET /modules/assessment_tags/resources/questions.css HTTP/1.1" 404 -
127.0.0.1 - - [26/Feb/2021 13:21:22] code 404, message File not found
127.0.0.1 - - [26/Feb/2021 13:21:22] "GET /modules/assessment_tags/resources/grading_lib.js HTTP/1.1" 404 -
127.0.0.1 - - [26/Feb/2021 13:21:22] code 404, message File not found
127.0.0.1 - - [26/Feb/2021 13:21:22] "GET /modules/assessment_tags/resources/grading.js HTTP/1.1" 404 -
127.0.0.1 - - [26/Feb/2021 13:21:22] "GET /_static/assets/lib/quizly/gcb-index60c4.html?backpack=hidden&selector=hidden&quizname=quiz_pause_the_player&hints=true&repeatable=false HTTP/1.1" 200 -
127.0.0.1 - - [26/Feb/2021 13:21:22] code 404, message File not found
127.0.0.1 - - [26/Feb/2021 13:21:22] "GET /runestone/ajax/set_tz_offset?timezoneoffset=5 HTTP/1.1" 404 -
127.0.0.1 - - [26/Feb/2021 13:21:22] code 404, message File not found
127.0.0.1 - - [26/Feb/2021 13:21:22] "GET /runestone/ajax/getAssessResults?div_id=mcsp-2-2-1&course=mobilecsp&event=mChoice HTTP/1.1" 404 -
127.0.0.1 - - [26/Feb/2021 13:21:23] "GET /_static/assets/lib/quizly/gcb-index535c.html?backpack=hidden&selector=hidden&quizname=quiz_button_click_stop_player&hints=true&repeatable=false HTTP/1.1" 200 -
127.0.0.1 - - [26/Feb/2021 13:21:23] "GET /_static/assets/css/main.css HTTP/1.1" 200 -
127.0.0.1 - - [26/Feb/2021 13:21:23] "GET /_static/assets/lib/quizly/blockly.html HTTP/1.1" 200 -
127.0.0.1 - - [26/Feb/2021 13:21:23] "GET /_static/assets/lib/quizly/media/blockly.css HTTP/1.1" 200 -
127.0.0.1 - - [26/Feb/2021 13:21:23] "GET /_static/assets/lib/quizly/quizzes.js HTTP/1.1" 200 -
127.0.0.1 - - [26/Feb/2021 13:21:23] "GET /_static/assets/lib/quizly/all_blockly.js HTTP/1.1" 200 -
127.0.0.1 - - [26/Feb/2021 13:21:23] "GET /_static/assets/lib/quizly/all_appinv.js HTTP/1.1" 200 -
127.0.0.1 - - [26/Feb/2021 13:21:23] "GET /_static/assets/lib/quizly/all_quizly.js HTTP/1.1" 200 -
127.0.0.1 - - [26/Feb/2021 13:21:23] "GET /_static/assets/lib/quizly/quizme-helper.js HTTP/1.1" 200 -
127.0.0.1 - - [26/Feb/2021 13:21:24] code 404, message File not found
127.0.0.1 - - [26/Feb/2021 13:21:24] "GET /_static/assets/lib/quizly/___PATH.html%3E%3E%3E/media/sprites.png HTTP/1.1" 404 -
127.0.0.1 - - [26/Feb/2021 13:21:24] code 404, message File not found
127.0.0.1 - - [26/Feb/2021 13:21:24] "GET /_static/assets/lib/quizly/media/sprites.png HTTP/1.1" 404 -
127.0.0.1 - - [26/Feb/2021 13:21:24] code 404, message File not found
127.0.0.1 - - [26/Feb/2021 13:21:24] "GET /_static/assets/lib/quizly/media/click.mp3 HTTP/1.1" 404 -
127.0.0.1 - - [26/Feb/2021 13:21:24] code 404, message File not found
127.0.0.1 - - [26/Feb/2021 13:21:24] "GET /_static/assets/lib/quizly/media/delete.mp3 HTTP/1.1" 404 -
127.0.0.1 - - [26/Feb/2021 13:21:24] code 404, message File not found
127.0.0.1 - - [26/Feb/2021 13:21:24] "GET /_static/assets/lib/quizly/___PATH.html%3E%3E%3E/media/sprites.png HTTP/1.1" 404 -
127.0.0.1 - - [26/Feb/2021 13:21:24] code 404, message File not found
127.0.0.1 - - [26/Feb/2021 13:21:24] "GET /_static/assets/lib/quizly/media/sprites.png HTTP/1.1" 404 -
127.0.0.1 - - [26/Feb/2021 13:21:24] code 404, message File not found
127.0.0.1 - - [26/Feb/2021 13:21:24] "GET /_static/assets/lib/quizly/media/click.mp3 HTTP/1.1" 404 -
127.0.0.1 - - [26/Feb/2021 13:21:24] code 404, message File not found
127.0.0.1 - - [26/Feb/2021 13:21:24] "GET /_static/assets/lib/quizly/media/delete.mp3 HTTP/1.1" 404 -
127.0.0.1 - - [26/Feb/2021 13:22:25] code 501, message Unsupported method ('POST')
127.0.0.1 - - [26/Feb/2021 13:22:25] "POST /runestone/ajax/hsblog HTTP/1.1" 501 -
127.0.0.1 - - [26/Feb/2021 13:22:25] code 501, message Unsupported method ('POST')
127.0.0.1 - - [26/Feb/2021 13:22:25] "POST /runestone/ajax/hsblog HTTP/1.1" 501 -

Aborted!
